22:38:30 INFO  : Launching XSDB server: xsdb.bat -s C:/XilinxSOC/SDK/2015.2/scripts/xsdb/xsdb/xsdb-server.tcl
22:38:31 INFO  : Processing command line option -hwspec C:/Zynq_Book/project_stepper_DIP/project_stepper_DIP.sdk/design_project_DIP_wrapper.hdf.
22:38:31 INFO  : XSDB server has started successfully.
12:45:53 INFO  : Launching XSDB server: xsdb.bat -s C:/XilinxSOC/SDK/2015.2/scripts/xsdb/xsdb/xsdb-server.tcl
12:45:55 INFO  : XSDB server has started successfully.
12:45:56 INFO  : Processing command line option -hwspec C:/Zynq_Book/project_stepper_DIP/project_stepper_DIP.sdk/design_project_DIP_wrapper.hdf.
12:45:57 INFO  : Checking for hwspec changes in the project design_project_DIP_wrapper_hw_platform_0.
13:00:52 INFO  : Connected to target on host '127.0.0.1' and port '3121'.
13:00:52 INFO  : 'targets -set -filter {jtag_cable_name =~ "Digilent Zed 210248685976" && level==0} -index 1' command is executed.
13:00:55 INFO  : FPGA configured successfully with bitstream "C:/Zynq_Book/project_stepper_DIP/project_stepper_DIP.sdk/design_project_DIP_wrapper_hw_platform_0/design_project_DIP_wrapper.bit"
13:01:30 INFO  : Connected to target on host '127.0.0.1' and port '3121'.
13:01:31 INFO  : 'targets -set -filter {jtag_cable_name =~ "Digilent Zed 210248685976" && level==0} -index 1' command is executed.
13:01:31 INFO  : 'fpga -state' command is executed.
13:01:31 INFO  : Connected to target on host '127.0.0.1' and port '3121'.
13:01:31 INFO  : 'targets -set -filter {name =~"APU" && jtag_cable_name =~ "Digilent Zed 210248685976"} -index 0' command is executed.
13:01:34 INFO  : Mermory regions for PS have been updated.
13:01:34 INFO  : Sourcing of 'C:/Zynq_Book/project_stepper_DIP/project_stepper_DIP.sdk/design_project_DIP_wrapper_hw_platform_0/ps7_init.tcl' is done.
13:01:35 INFO  : 'targets -set -filter {name =~"APU" && jtag_cable_name =~ "Digilent Zed 210248685976"} -index 0' command is executed.
13:01:35 INFO  : 'ps7_init' command is executed.
13:01:36 INFO  : 'ps7_post_config' command is executed.
13:01:36 INFO  : Context for processor 'ps7_cortexa9_0' is selected.
13:01:36 INFO  : Processor reset is completed for 'ps7_cortexa9_0'.
13:01:36 INFO  : Context for processor 'ps7_cortexa9_0' is selected.
13:01:37 INFO  : The application 'C:/Zynq_Book/project_stepper_DIP/project_stepper_DIP.sdk/stepper_DIP/Debug/stepper_DIP.elf' is downloaded to processor 'ps7_cortexa9_0'.
13:01:37 INFO  : ----------------XSDB Script----------------
connect -url tcp:127.0.0.1:3121
targets -set -filter {name =~"APU" && jtag_cable_name =~ "Digilent Zed 210248685976"} -index 0
memmap -addr 1092616192 -size 65536 -flags 3
memmap -addr 1092681728 -size 65536 -flags 3
memmap -addr 1092747264 -size 65536 -flags 3
memmap -addr 4160782336 -size 4096 -flags 3
memmap -addr 4160786432 -size 4096 -flags 3
memmap -addr 4160790528 -size 4096 -flags 3
memmap -addr 4160794624 -size 4096 -flags 3
memmap -addr 4169138176 -size 1048576 -flags 3
memmap -addr 1048576 -size 535822336 -flags 3
memmap -addr 4160774144 -size 4096 -flags 3
memmap -addr 4160778240 -size 256 -flags 3
memmap -addr 4160765952 -size 4096 -flags 3
memmap -addr 4160761856 -size 4096 -flags 3
memmap -addr 4176478720 -size 256 -flags 3
memmap -addr 4170186752 -size 1048576 -flags 3
memmap -addr 4176482304 -size 4096 -flags 3
memmap -addr 3760193536 -size 4096 -flags 3
memmap -addr 4176486400 -size 4096 -flags 3
memmap -addr 4160798720 -size 4096 -flags 3
memmap -addr 4176486400 -size 4096 -flags 3
memmap -addr 4169732096 -size 4096 -flags 3
memmap -addr 0 -size 196608 -flags 3
memmap -addr 4294901760 -size 65024 -flags 3
memmap -addr 4176478208 -size 253 -flags 3
memmap -addr 4176482304 -size 4096 -flags 3
memmap -addr 4176479744 -size 32 -flags 3
memmap -addr 4176479776 -size 224 -flags 3
memmap -addr 4160749568 -size 4096 -flags 3
memmap -addr 3758100480 -size 4096 -flags 3
memmap -addr 4160778496 -size 33 -flags 3
source C:/Zynq_Book/project_stepper_DIP/project_stepper_DIP.sdk/design_project_DIP_wrapper_hw_platform_0/ps7_init.tcl
targets -set -filter {name =~"APU" && jtag_cable_name =~ "Digilent Zed 210248685976"} -index 0
ps7_init
ps7_post_config
targets -set -nocase -filter {name =~ "ARM*#0" && jtag_cable_name =~ "Digilent Zed 210248685976"} -index 0
rst -processor
targets -set -nocase -filter {name =~ "ARM*#0" && jtag_cable_name =~ "Digilent Zed 210248685976"} -index 0
dow C:/Zynq_Book/project_stepper_DIP/project_stepper_DIP.sdk/stepper_DIP/Debug/stepper_DIP.elf
----------------End of Script----------------

13:01:37 INFO  : Memory regions updated for context APU
13:01:37 INFO  : Context for processor 'ps7_cortexa9_0' is selected.
13:01:37 INFO  : 'con' command is executed.
13:01:37 INFO  : ----------------XSDB Script (After Launch)----------------
targets -set -nocase -filter {name =~ "ARM*#0" && jtag_cable_name =~ "Digilent Zed 210248685976"} -index 0
con
----------------End of Script----------------

14:07:07 INFO  : Disconnected from the channel tcfchan#1.
14:07:07 ERROR : Unexpected error while parsing XMD response ?: com.google.gson.JsonSyntaxException: com.google.gson.stream.MalformedJsonException: invalid number or unquoted string near 
16:17:33 INFO  : Launching XSDB server: xsdb.bat -s C:/XilinxSOC/SDK/2015.2/scripts/xsdb/xsdb/xsdb-server.tcl
16:17:35 INFO  : XSDB server has started successfully.
16:17:36 INFO  : Processing command line option -hwspec C:/Zynq_Book/project_stepper_DIP/project_stepper_DIP.sdk/design_project_DIP_wrapper.hdf.
16:17:37 INFO  : Checking for hwspec changes in the project design_project_DIP_wrapper_hw_platform_0.
16:18:01 INFO  : Connected to target on host '127.0.0.1' and port '3121'.
16:18:01 INFO  : 'targets -set -filter {jtag_cable_name =~ "Digilent Zed 210248685976" && level==0} -index 1' command is executed.
16:18:04 INFO  : FPGA configured successfully with bitstream "C:/Zynq_Book/project_stepper_DIP/project_stepper_DIP.sdk/design_project_DIP_wrapper_hw_platform_0/design_project_DIP_wrapper.bit"
16:18:15 INFO  : Connected to target on host '127.0.0.1' and port '3121'.
16:18:15 INFO  : 'targets -set -filter {jtag_cable_name =~ "Digilent Zed 210248685976" && level==0} -index 1' command is executed.
16:18:15 INFO  : 'fpga -state' command is executed.
16:18:15 INFO  : Connected to target on host '127.0.0.1' and port '3121'.
16:18:15 INFO  : 'targets -set -filter {name =~"APU" && jtag_cable_name =~ "Digilent Zed 210248685976"} -index 0' command is executed.
16:18:18 INFO  : Mermory regions for PS have been updated.
16:18:18 INFO  : Sourcing of 'C:/Zynq_Book/project_stepper_DIP/project_stepper_DIP.sdk/design_project_DIP_wrapper_hw_platform_0/ps7_init.tcl' is done.
16:18:19 INFO  : 'targets -set -filter {name =~"APU" && jtag_cable_name =~ "Digilent Zed 210248685976"} -index 0' command is executed.
16:18:19 INFO  : 'ps7_init' command is executed.
16:18:19 INFO  : 'ps7_post_config' command is executed.
16:18:20 INFO  : Context for processor 'ps7_cortexa9_0' is selected.
16:18:20 INFO  : Processor reset is completed for 'ps7_cortexa9_0'.
16:18:20 INFO  : Context for processor 'ps7_cortexa9_0' is selected.
16:18:20 INFO  : The application 'C:/Zynq_Book/project_stepper_DIP/project_stepper_DIP.sdk/stepper_DIP/Debug/stepper_DIP.elf' is downloaded to processor 'ps7_cortexa9_0'.
16:18:20 INFO  : ----------------XSDB Script----------------
connect -url tcp:127.0.0.1:3121
targets -set -filter {name =~"APU" && jtag_cable_name =~ "Digilent Zed 210248685976"} -index 0
memmap -addr 1092616192 -size 65536 -flags 3
memmap -addr 1092681728 -size 65536 -flags 3
memmap -addr 1092747264 -size 65536 -flags 3
memmap -addr 4160782336 -size 4096 -flags 3
memmap -addr 4160786432 -size 4096 -flags 3
memmap -addr 4160790528 -size 4096 -flags 3
memmap -addr 4160794624 -size 4096 -flags 3
memmap -addr 4169138176 -size 1048576 -flags 3
memmap -addr 1048576 -size 535822336 -flags 3
memmap -addr 4160774144 -size 4096 -flags 3
memmap -addr 4160778240 -size 256 -flags 3
memmap -addr 4160765952 -size 4096 -flags 3
memmap -addr 4160761856 -size 4096 -flags 3
memmap -addr 4176478720 -size 256 -flags 3
memmap -addr 4170186752 -size 1048576 -flags 3
memmap -addr 4176482304 -size 4096 -flags 3
memmap -addr 3760193536 -size 4096 -flags 3
memmap -addr 4176486400 -size 4096 -flags 3
memmap -addr 4160798720 -size 4096 -flags 3
memmap -addr 4176486400 -size 4096 -flags 3
memmap -addr 4169732096 -size 4096 -flags 3
memmap -addr 0 -size 196608 -flags 3
memmap -addr 4294901760 -size 65024 -flags 3
memmap -addr 4176478208 -size 253 -flags 3
memmap -addr 4176482304 -size 4096 -flags 3
memmap -addr 4176479744 -size 32 -flags 3
memmap -addr 4176479776 -size 224 -flags 3
memmap -addr 4160749568 -size 4096 -flags 3
memmap -addr 3758100480 -size 4096 -flags 3
memmap -addr 4160778496 -size 33 -flags 3
source C:/Zynq_Book/project_stepper_DIP/project_stepper_DIP.sdk/design_project_DIP_wrapper_hw_platform_0/ps7_init.tcl
targets -set -filter {name =~"APU" && jtag_cable_name =~ "Digilent Zed 210248685976"} -index 0
ps7_init
ps7_post_config
targets -set -nocase -filter {name =~ "ARM*#0" && jtag_cable_name =~ "Digilent Zed 210248685976"} -index 0
rst -processor
targets -set -nocase -filter {name =~ "ARM*#0" && jtag_cable_name =~ "Digilent Zed 210248685976"} -index 0
dow C:/Zynq_Book/project_stepper_DIP/project_stepper_DIP.sdk/stepper_DIP/Debug/stepper_DIP.elf
----------------End of Script----------------

16:18:20 INFO  : Memory regions updated for context APU
16:18:21 INFO  : Context for processor 'ps7_cortexa9_0' is selected.
16:18:21 INFO  : 'con' command is executed.
16:18:21 INFO  : ----------------XSDB Script (After Launch)----------------
targets -set -nocase -filter {name =~ "ARM*#0" && jtag_cable_name =~ "Digilent Zed 210248685976"} -index 0
con
----------------End of Script----------------

16:19:44 INFO  : Connected to target on host '127.0.0.1' and port '3121'.
16:19:44 INFO  : 'targets -set -filter {jtag_cable_name =~ "Digilent Zed 210248685976" && level==0} -index 1' command is executed.
16:19:47 INFO  : FPGA configured successfully with bitstream "C:/Zynq_Book/project_stepper_DIP/project_stepper_DIP.sdk/design_project_DIP_wrapper_hw_platform_0/design_project_DIP_wrapper.bit"
16:20:32 INFO  : Disconnected from the channel tcfchan#1.
16:20:32 INFO  : Connected to target on host '127.0.0.1' and port '3121'.
16:20:32 INFO  : 'targets -set -filter {jtag_cable_name =~ "Digilent Zed 210248685976" && level==0} -index 1' command is executed.
16:20:32 INFO  : 'fpga -state' command is executed.
16:20:32 INFO  : Connected to target on host '127.0.0.1' and port '3121'.
16:20:32 INFO  : 'targets -set -filter {name =~"APU" && jtag_cable_name =~ "Digilent Zed 210248685976"} -index 0' command is executed.
16:20:36 INFO  : Mermory regions for PS have been updated.
16:20:36 INFO  : Sourcing of 'C:/Zynq_Book/project_stepper_DIP/project_stepper_DIP.sdk/design_project_DIP_wrapper_hw_platform_0/ps7_init.tcl' is done.
16:20:36 INFO  : 'targets -set -filter {name =~"APU" && jtag_cable_name =~ "Digilent Zed 210248685976"} -index 0' command is executed.
16:20:37 INFO  : 'ps7_init' command is executed.
16:20:37 INFO  : 'ps7_post_config' command is executed.
16:20:38 INFO  : Context for processor 'ps7_cortexa9_0' is selected.
16:20:38 INFO  : Processor reset is completed for 'ps7_cortexa9_0'.
16:20:38 INFO  : Context for processor 'ps7_cortexa9_0' is selected.
16:20:38 INFO  : The application 'C:/Zynq_Book/project_stepper_DIP/project_stepper_DIP.sdk/stepper_DIP/Debug/stepper_DIP.elf' is downloaded to processor 'ps7_cortexa9_0'.
16:20:38 INFO  : ----------------XSDB Script----------------
connect -url tcp:127.0.0.1:3121
targets -set -filter {name =~"APU" && jtag_cable_name =~ "Digilent Zed 210248685976"} -index 0
memmap -addr 1092616192 -size 65536 -flags 3
memmap -addr 1092681728 -size 65536 -flags 3
memmap -addr 1092747264 -size 65536 -flags 3
memmap -addr 4160782336 -size 4096 -flags 3
memmap -addr 4160786432 -size 4096 -flags 3
memmap -addr 4160790528 -size 4096 -flags 3
memmap -addr 4160794624 -size 4096 -flags 3
memmap -addr 4169138176 -size 1048576 -flags 3
memmap -addr 1048576 -size 535822336 -flags 3
memmap -addr 4160774144 -size 4096 -flags 3
memmap -addr 4160778240 -size 256 -flags 3
memmap -addr 4160765952 -size 4096 -flags 3
memmap -addr 4160761856 -size 4096 -flags 3
memmap -addr 4176478720 -size 256 -flags 3
memmap -addr 4170186752 -size 1048576 -flags 3
memmap -addr 4176482304 -size 4096 -flags 3
memmap -addr 3760193536 -size 4096 -flags 3
memmap -addr 4176486400 -size 4096 -flags 3
memmap -addr 4160798720 -size 4096 -flags 3
memmap -addr 4176486400 -size 4096 -flags 3
memmap -addr 4169732096 -size 4096 -flags 3
memmap -addr 0 -size 196608 -flags 3
memmap -addr 4294901760 -size 65024 -flags 3
memmap -addr 4176478208 -size 253 -flags 3
memmap -addr 4176482304 -size 4096 -flags 3
memmap -addr 4176479744 -size 32 -flags 3
memmap -addr 4176479776 -size 224 -flags 3
memmap -addr 4160749568 -size 4096 -flags 3
memmap -addr 3758100480 -size 4096 -flags 3
memmap -addr 4160778496 -size 33 -flags 3
source C:/Zynq_Book/project_stepper_DIP/project_stepper_DIP.sdk/design_project_DIP_wrapper_hw_platform_0/ps7_init.tcl
targets -set -filter {name =~"APU" && jtag_cable_name =~ "Digilent Zed 210248685976"} -index 0
ps7_init
ps7_post_config
targets -set -nocase -filter {name =~ "ARM*#0" && jtag_cable_name =~ "Digilent Zed 210248685976"} -index 0
rst -processor
targets -set -nocase -filter {name =~ "ARM*#0" && jtag_cable_name =~ "Digilent Zed 210248685976"} -index 0
dow C:/Zynq_Book/project_stepper_DIP/project_stepper_DIP.sdk/stepper_DIP/Debug/stepper_DIP.elf
----------------End of Script----------------

16:20:38 INFO  : Memory regions updated for context APU
16:20:38 INFO  : Context for processor 'ps7_cortexa9_0' is selected.
16:20:38 INFO  : 'con' command is executed.
16:20:38 INFO  : ----------------XSDB Script (After Launch)----------------
targets -set -nocase -filter {name =~ "ARM*#0" && jtag_cable_name =~ "Digilent Zed 210248685976"} -index 0
con
----------------End of Script----------------

16:21:31 INFO  : Disconnected from the channel tcfchan#2.
16:21:31 ERROR : Unexpected error while parsing XMD response ?: com.google.gson.JsonSyntaxException: com.google.gson.stream.MalformedJsonException: invalid number or unquoted string near 
16:25:48 INFO  : Launching XSDB server: xsdb.bat -s C:/XilinxSOC/SDK/2015.2/scripts/xsdb/xsdb/xsdb-server.tcl
16:25:50 INFO  : XSDB server has started successfully.
16:25:51 INFO  : Processing command line option -hwspec C:/Zynq_Book/project_stepper_DIP/project_stepper_DIP.sdk/design_project_DIP_wrapper.hdf.
16:25:52 INFO  : Checking for hwspec changes in the project design_project_DIP_wrapper_hw_platform_0.
16:26:06 INFO  : Connected to target on host '127.0.0.1' and port '3121'.
16:26:06 INFO  : 'targets -set -filter {jtag_cable_name =~ "Digilent Zed 210248685976" && level==0} -index 1' command is executed.
16:26:09 INFO  : FPGA configured successfully with bitstream "C:/Zynq_Book/project_stepper_DIP/project_stepper_DIP.sdk/design_project_DIP_wrapper_hw_platform_0/design_project_DIP_wrapper.bit"
16:26:53 INFO  : Connected to target on host '127.0.0.1' and port '3121'.
16:26:53 INFO  : 'targets -set -filter {jtag_cable_name =~ "Digilent Zed 210248685976" && level==0} -index 1' command is executed.
16:26:53 INFO  : 'fpga -state' command is executed.
16:26:53 INFO  : Connected to target on host '127.0.0.1' and port '3121'.
16:26:54 INFO  : 'targets -set -filter {name =~"APU" && jtag_cable_name =~ "Digilent Zed 210248685976"} -index 0' command is executed.
16:26:57 INFO  : Mermory regions for PS have been updated.
16:26:57 INFO  : Sourcing of 'C:/Zynq_Book/project_stepper_DIP/project_stepper_DIP.sdk/design_project_DIP_wrapper_hw_platform_0/ps7_init.tcl' is done.
16:26:57 INFO  : 'targets -set -filter {name =~"APU" && jtag_cable_name =~ "Digilent Zed 210248685976"} -index 0' command is executed.
16:26:58 INFO  : 'ps7_init' command is executed.
16:26:58 INFO  : 'ps7_post_config' command is executed.
16:26:58 INFO  : Context for processor 'ps7_cortexa9_0' is selected.
16:26:58 INFO  : Processor reset is completed for 'ps7_cortexa9_0'.
16:26:59 INFO  : Context for processor 'ps7_cortexa9_0' is selected.
16:26:59 INFO  : The application 'C:/Zynq_Book/project_stepper_DIP/project_stepper_DIP.sdk/stepper_DIP/Debug/stepper_DIP.elf' is downloaded to processor 'ps7_cortexa9_0'.
16:26:59 INFO  : ----------------XSDB Script----------------
connect -url tcp:127.0.0.1:3121
targets -set -filter {name =~"APU" && jtag_cable_name =~ "Digilent Zed 210248685976"} -index 0
memmap -addr 1092616192 -size 65536 -flags 3
memmap -addr 1092681728 -size 65536 -flags 3
memmap -addr 1092747264 -size 65536 -flags 3
memmap -addr 4160782336 -size 4096 -flags 3
memmap -addr 4160786432 -size 4096 -flags 3
memmap -addr 4160790528 -size 4096 -flags 3
memmap -addr 4160794624 -size 4096 -flags 3
memmap -addr 4169138176 -size 1048576 -flags 3
memmap -addr 1048576 -size 535822336 -flags 3
memmap -addr 4160774144 -size 4096 -flags 3
memmap -addr 4160778240 -size 256 -flags 3
memmap -addr 4160765952 -size 4096 -flags 3
memmap -addr 4160761856 -size 4096 -flags 3
memmap -addr 4176478720 -size 256 -flags 3
memmap -addr 4170186752 -size 1048576 -flags 3
memmap -addr 4176482304 -size 4096 -flags 3
memmap -addr 3760193536 -size 4096 -flags 3
memmap -addr 4176486400 -size 4096 -flags 3
memmap -addr 4160798720 -size 4096 -flags 3
memmap -addr 4176486400 -size 4096 -flags 3
memmap -addr 4169732096 -size 4096 -flags 3
memmap -addr 0 -size 196608 -flags 3
memmap -addr 4294901760 -size 65024 -flags 3
memmap -addr 4176478208 -size 253 -flags 3
memmap -addr 4176482304 -size 4096 -flags 3
memmap -addr 4176479744 -size 32 -flags 3
memmap -addr 4176479776 -size 224 -flags 3
memmap -addr 4160749568 -size 4096 -flags 3
memmap -addr 3758100480 -size 4096 -flags 3
memmap -addr 4160778496 -size 33 -flags 3
source C:/Zynq_Book/project_stepper_DIP/project_stepper_DIP.sdk/design_project_DIP_wrapper_hw_platform_0/ps7_init.tcl
targets -set -filter {name =~"APU" && jtag_cable_name =~ "Digilent Zed 210248685976"} -index 0
ps7_init
ps7_post_config
targets -set -nocase -filter {name =~ "ARM*#0" && jtag_cable_name =~ "Digilent Zed 210248685976"} -index 0
rst -processor
targets -set -nocase -filter {name =~ "ARM*#0" && jtag_cable_name =~ "Digilent Zed 210248685976"} -index 0
dow C:/Zynq_Book/project_stepper_DIP/project_stepper_DIP.sdk/stepper_DIP/Debug/stepper_DIP.elf
----------------End of Script----------------

16:26:59 INFO  : Memory regions updated for context APU
16:26:59 INFO  : Context for processor 'ps7_cortexa9_0' is selected.
16:26:59 INFO  : 'con' command is executed.
16:26:59 INFO  : ----------------XSDB Script (After Launch)----------------
targets -set -nocase -filter {name =~ "ARM*#0" && jtag_cable_name =~ "Digilent Zed 210248685976"} -index 0
con
----------------End of Script----------------

16:39:29 INFO  : Disconnected from the channel tcfchan#1.
16:39:29 INFO  : Connected to target on host '127.0.0.1' and port '3121'.
16:39:29 INFO  : 'targets -set -filter {jtag_cable_name =~ "Digilent Zed 210248685976" && level==0} -index 1' command is executed.
16:39:29 INFO  : 'fpga -state' command is executed.
16:39:29 INFO  : Connected to target on host '127.0.0.1' and port '3121'.
16:39:30 INFO  : 'targets -set -filter {name =~"APU" && jtag_cable_name =~ "Digilent Zed 210248685976"} -index 0' command is executed.
16:39:33 INFO  : Mermory regions for PS have been updated.
16:39:33 INFO  : Sourcing of 'C:/Zynq_Book/project_stepper_DIP/project_stepper_DIP.sdk/design_project_DIP_wrapper_hw_platform_0/ps7_init.tcl' is done.
16:39:33 INFO  : 'targets -set -filter {name =~"APU" && jtag_cable_name =~ "Digilent Zed 210248685976"} -index 0' command is executed.
16:39:34 ERROR : AP transaction timeout
16:39:34 INFO  : ----------------XSDB Script----------------
connect -url tcp:127.0.0.1:3121
targets -set -filter {name =~"APU" && jtag_cable_name =~ "Digilent Zed 210248685976"} -index 0
memmap -addr 1092616192 -size 65536 -flags 3
memmap -addr 1092681728 -size 65536 -flags 3
memmap -addr 1092747264 -size 65536 -flags 3
memmap -addr 4160782336 -size 4096 -flags 3
memmap -addr 4160786432 -size 4096 -flags 3
memmap -addr 4160790528 -size 4096 -flags 3
memmap -addr 4160794624 -size 4096 -flags 3
memmap -addr 4169138176 -size 1048576 -flags 3
memmap -addr 1048576 -size 535822336 -flags 3
memmap -addr 4160774144 -size 4096 -flags 3
memmap -addr 4160778240 -size 256 -flags 3
memmap -addr 4160765952 -size 4096 -flags 3
memmap -addr 4160761856 -size 4096 -flags 3
memmap -addr 4176478720 -size 256 -flags 3
memmap -addr 4170186752 -size 1048576 -flags 3
memmap -addr 4176482304 -size 4096 -flags 3
memmap -addr 3760193536 -size 4096 -flags 3
memmap -addr 4176486400 -size 4096 -flags 3
memmap -addr 4160798720 -size 4096 -flags 3
memmap -addr 4176486400 -size 4096 -flags 3
memmap -addr 4169732096 -size 4096 -flags 3
memmap -addr 0 -size 196608 -flags 3
memmap -addr 4294901760 -size 65024 -flags 3
memmap -addr 4176478208 -size 253 -flags 3
memmap -addr 4176482304 -size 4096 -flags 3
memmap -addr 4176479744 -size 32 -flags 3
memmap -addr 4176479776 -size 224 -flags 3
memmap -addr 4160749568 -size 4096 -flags 3
memmap -addr 3758100480 -size 4096 -flags 3
memmap -addr 4160778496 -size 33 -flags 3
source C:/Zynq_Book/project_stepper_DIP/project_stepper_DIP.sdk/design_project_DIP_wrapper_hw_platform_0/ps7_init.tcl
targets -set -filter {name =~"APU" && jtag_cable_name =~ "Digilent Zed 210248685976"} -index 0
ps7_init
----------------End of Script----------------

16:39:59 INFO  : Connected to target on host '127.0.0.1' and port '3121'.
16:39:59 INFO  : 'targets -set -filter {jtag_cable_name =~ "Digilent Zed 210248685976" && level==0} -index 1' command is executed.
16:40:00 INFO  : 'fpga -state' command is executed.
16:40:00 INFO  : Connected to target on host '127.0.0.1' and port '3121'.
16:40:00 INFO  : 'targets -set -filter {name =~"APU" && jtag_cable_name =~ "Digilent Zed 210248685976"} -index 0' command is executed.
16:40:03 INFO  : Mermory regions for PS have been updated.
16:40:03 INFO  : Sourcing of 'C:/Zynq_Book/project_stepper_DIP/project_stepper_DIP.sdk/design_project_DIP_wrapper_hw_platform_0/ps7_init.tcl' is done.
16:40:03 INFO  : 'targets -set -filter {name =~"APU" && jtag_cable_name =~ "Digilent Zed 210248685976"} -index 0' command is executed.
16:46:27 ERROR : Invalid JTAG-DP ACK value: 0
16:46:27 INFO  : ----------------XSDB Script----------------
connect -url tcp:127.0.0.1:3121
targets -set -filter {name =~"APU" && jtag_cable_name =~ "Digilent Zed 210248685976"} -index 0
memmap -addr 1092616192 -size 65536 -flags 3
memmap -addr 1092681728 -size 65536 -flags 3
memmap -addr 1092747264 -size 65536 -flags 3
memmap -addr 4160782336 -size 4096 -flags 3
memmap -addr 4160786432 -size 4096 -flags 3
memmap -addr 4160790528 -size 4096 -flags 3
memmap -addr 4160794624 -size 4096 -flags 3
memmap -addr 4169138176 -size 1048576 -flags 3
memmap -addr 1048576 -size 535822336 -flags 3
memmap -addr 4160774144 -size 4096 -flags 3
memmap -addr 4160778240 -size 256 -flags 3
memmap -addr 4160765952 -size 4096 -flags 3
memmap -addr 4160761856 -size 4096 -flags 3
memmap -addr 4176478720 -size 256 -flags 3
memmap -addr 4170186752 -size 1048576 -flags 3
memmap -addr 4176482304 -size 4096 -flags 3
memmap -addr 3760193536 -size 4096 -flags 3
memmap -addr 4176486400 -size 4096 -flags 3
memmap -addr 4160798720 -size 4096 -flags 3
memmap -addr 4176486400 -size 4096 -flags 3
memmap -addr 4169732096 -size 4096 -flags 3
memmap -addr 0 -size 196608 -flags 3
memmap -addr 4294901760 -size 65024 -flags 3
memmap -addr 4176478208 -size 253 -flags 3
memmap -addr 4176482304 -size 4096 -flags 3
memmap -addr 4176479744 -size 32 -flags 3
memmap -addr 4176479776 -size 224 -flags 3
memmap -addr 4160749568 -size 4096 -flags 3
memmap -addr 3758100480 -size 4096 -flags 3
memmap -addr 4160778496 -size 33 -flags 3
source C:/Zynq_Book/project_stepper_DIP/project_stepper_DIP.sdk/design_project_DIP_wrapper_hw_platform_0/ps7_init.tcl
targets -set -filter {name =~"APU" && jtag_cable_name =~ "Digilent Zed 210248685976"} -index 0
ps7_init
----------------End of Script----------------

16:47:45 ERROR : Unexpected error while parsing XMD response ?: com.google.gson.JsonSyntaxException: com.google.gson.stream.MalformedJsonException: invalid number or unquoted string near 
16:50:06 INFO  : Launching XSDB server: xsdb.bat -s C:/XilinxSOC/SDK/2015.2/scripts/xsdb/xsdb/xsdb-server.tcl
16:50:08 INFO  : XSDB server has started successfully.
16:50:08 INFO  : Processing command line option -hwspec C:/Zynq_Book/project_stepper_DIP/project_stepper_DIP.sdk/design_project_DIP_wrapper.hdf.
16:50:09 INFO  : Checking for hwspec changes in the project design_project_DIP_wrapper_hw_platform_0.
16:50:22 INFO  : Connected to target on host '127.0.0.1' and port '3121'.
16:50:22 INFO  : 'targets -set -filter {jtag_cable_name =~ "Digilent Zed 210248685976" && level==0} -index 1' command is executed.
16:50:25 INFO  : FPGA configured successfully with bitstream "C:/Zynq_Book/project_stepper_DIP/project_stepper_DIP.sdk/design_project_DIP_wrapper_hw_platform_0/design_project_DIP_wrapper.bit"
16:50:48 INFO  : Connected to target on host '127.0.0.1' and port '3121'.
16:50:48 INFO  : 'targets -set -filter {jtag_cable_name =~ "Digilent Zed 210248685976" && level==0} -index 1' command is executed.
16:50:49 INFO  : 'fpga -state' command is executed.
16:50:49 INFO  : Connected to target on host '127.0.0.1' and port '3121'.
16:50:49 INFO  : 'targets -set -filter {name =~"APU" && jtag_cable_name =~ "Digilent Zed 210248685976"} -index 0' command is executed.
16:50:52 INFO  : Mermory regions for PS have been updated.
16:50:52 INFO  : Sourcing of 'C:/Zynq_Book/project_stepper_DIP/project_stepper_DIP.sdk/design_project_DIP_wrapper_hw_platform_0/ps7_init.tcl' is done.
16:50:52 INFO  : 'targets -set -filter {name =~"APU" && jtag_cable_name =~ "Digilent Zed 210248685976"} -index 0' command is executed.
16:50:53 INFO  : 'ps7_init' command is executed.
16:50:53 INFO  : 'ps7_post_config' command is executed.
16:50:53 INFO  : Context for processor 'ps7_cortexa9_0' is selected.
16:50:54 INFO  : Processor reset is completed for 'ps7_cortexa9_0'.
16:50:54 INFO  : Context for processor 'ps7_cortexa9_0' is selected.
16:50:54 INFO  : The application 'C:/Zynq_Book/project_stepper_DIP/project_stepper_DIP.sdk/stepper_DIP/Debug/stepper_DIP.elf' is downloaded to processor 'ps7_cortexa9_0'.
16:50:54 INFO  : ----------------XSDB Script----------------
connect -url tcp:127.0.0.1:3121
targets -set -filter {name =~"APU" && jtag_cable_name =~ "Digilent Zed 210248685976"} -index 0
memmap -addr 1092616192 -size 65536 -flags 3
memmap -addr 1092681728 -size 65536 -flags 3
memmap -addr 1092747264 -size 65536 -flags 3
memmap -addr 4160782336 -size 4096 -flags 3
memmap -addr 4160786432 -size 4096 -flags 3
memmap -addr 4160790528 -size 4096 -flags 3
memmap -addr 4160794624 -size 4096 -flags 3
memmap -addr 4169138176 -size 1048576 -flags 3
memmap -addr 1048576 -size 535822336 -flags 3
memmap -addr 4160774144 -size 4096 -flags 3
memmap -addr 4160778240 -size 256 -flags 3
memmap -addr 4160765952 -size 4096 -flags 3
memmap -addr 4160761856 -size 4096 -flags 3
memmap -addr 4176478720 -size 256 -flags 3
memmap -addr 4170186752 -size 1048576 -flags 3
memmap -addr 4176482304 -size 4096 -flags 3
memmap -addr 3760193536 -size 4096 -flags 3
memmap -addr 4176486400 -size 4096 -flags 3
memmap -addr 4160798720 -size 4096 -flags 3
memmap -addr 4176486400 -size 4096 -flags 3
memmap -addr 4169732096 -size 4096 -flags 3
memmap -addr 0 -size 196608 -flags 3
memmap -addr 4294901760 -size 65024 -flags 3
memmap -addr 4176478208 -size 253 -flags 3
memmap -addr 4176482304 -size 4096 -flags 3
memmap -addr 4176479744 -size 32 -flags 3
memmap -addr 4176479776 -size 224 -flags 3
memmap -addr 4160749568 -size 4096 -flags 3
memmap -addr 3758100480 -size 4096 -flags 3
memmap -addr 4160778496 -size 33 -flags 3
source C:/Zynq_Book/project_stepper_DIP/project_stepper_DIP.sdk/design_project_DIP_wrapper_hw_platform_0/ps7_init.tcl
targets -set -filter {name =~"APU" && jtag_cable_name =~ "Digilent Zed 210248685976"} -index 0
ps7_init
ps7_post_config
targets -set -nocase -filter {name =~ "ARM*#0" && jtag_cable_name =~ "Digilent Zed 210248685976"} -index 0
rst -processor
targets -set -nocase -filter {name =~ "ARM*#0" && jtag_cable_name =~ "Digilent Zed 210248685976"} -index 0
dow C:/Zynq_Book/project_stepper_DIP/project_stepper_DIP.sdk/stepper_DIP/Debug/stepper_DIP.elf
----------------End of Script----------------

16:50:54 INFO  : Memory regions updated for context APU
16:50:54 INFO  : Context for processor 'ps7_cortexa9_0' is selected.
16:50:54 INFO  : 'con' command is executed.
16:50:54 INFO  : ----------------XSDB Script (After Launch)----------------
targets -set -nocase -filter {name =~ "ARM*#0" && jtag_cable_name =~ "Digilent Zed 210248685976"} -index 0
con
----------------End of Script----------------

17:03:01 INFO  : Disconnected from the channel tcfchan#1.
17:03:02 ERROR : Unexpected error while parsing XMD response ?: com.google.gson.JsonSyntaxException: com.google.gson.stream.MalformedJsonException: invalid number or unquoted string near 
