#
# A fatal error has been detected by the Java Runtime Environment:
#
#  Internal Error (0xc000000d), pid=5220, tid=6644
#
# JRE version: Java(TM) SE Runtime Environment (8.0_25-b18) (build 1.8.0_25-b18)
# Java VM: Java HotSpot(TM) 64-Bit Server VM (25.25-b02 mixed mode windows-amd64 compressed oops)
# Problematic frame:
# C  [ntdll.dll+0xff44c]
#
# Failed to write core dump. Minidumps are not enabled by default on client versions of Windows
#
# If you would like to submit a bug report, please visit:
#   http://bugreport.sun.com/bugreport/crash.jsp
#

---------------  T H R E A D  ---------------

Current thread (0x0000000013b96000):  VMThread [stack: 0x0000000014c30000,0x0000000014d30000] [id=6644]

siginfo: ExceptionCode=0xc000000d

Registers:
RAX=0x0000000000000000, RBX=0xfffffffffffffffe, RCX=0x0000000000000000, RDX=0x0000000000000000
RSP=0x0000000014d2f470, RBP=0x00007fff7e8b7408, RSI=0x0000000000000000, RDI=0x00000000000005e0
R8 =0x0000000000000000, R9 =0x000000000014f6c8, R10=0x00007fff8be07c1f, R11=0x0000000000000000
R12=0x0000000025f00bd0, R13=0x00000000248ab5b0, R14=0x0000000025f00cd8, R15=0x0000000014d2f5e8
RIP=0x00007fff8beff44c, EFLAGS=0x0000000000000202

Top of Stack: (sp=0x0000000014d2f470)
0x0000000014d2f470:   0000000000000057 fffffffffffffffe
0x0000000014d2f480:   0000000000000000 00000000000005e0
0x0000000014d2f490:   00000000c000000d 0000000000000000
0x0000000014d2f4a0:   00007fff8beff44c 0000000000000000
0x0000000014d2f4b0:   0000000000000000 0000000000000000
0x0000000014d2f4c0:   0000000000000000 0000000000000000
0x0000000014d2f4d0:   0000000000000000 0000000000000000
0x0000000014d2f4e0:   0000000000000000 0000000000000000
0x0000000014d2f4f0:   0000000000000000 0000000000000000
0x0000000014d2f500:   0000000000000000 0000000000000000
0x0000000014d2f510:   0000000000000000 0000000000000000
0x0000000014d2f520:   0000000000000000 0000000000000000
0x0000000014d2f530:   0000735f3fac653d 0000000000000000
0x0000000014d2f540:   0000000000000000 00007fff8bec150d
0x0000000014d2f550:   0000000000000000 0000000000000000
0x0000000014d2f560:   0000000000000000 0000000000000000 

Instructions: (pc=0x00007fff8beff44c)
0x00007fff8beff42c:   d5 fa ff c7 44 24 20 0d 00 00 c0 b9 57 00 00 00
0x00007fff8beff43c:   e8 7f 13 f6 ff 90 48 8d 4c 24 20 e8 04 bf f4 ff
0x00007fff8beff44c:   eb 00 48 8b 8c 24 c0 00 00 00 48 33 cc e8 82 74
0x00007fff8beff45c:   f9 ff 48 81 c4 d8 00 00 00 c3 40 55 48 83 ec 20 


Register to memory mapping:

RAX=0x0000000000000000 is an unknown value
RBX=0xfffffffffffffffe is an unknown value
RCX=0x0000000000000000 is an unknown value
RDX=0x0000000000000000 is an unknown value
RSP=0x0000000014d2f470 is an unknown value
RBP=0x00007fff7e8b7408 is an unknown value
RSI=0x0000000000000000 is an unknown value
RDI=0x00000000000005e0 is an unknown value
R8 =0x0000000000000000 is an unknown value
R9 =0x000000000014f6c8 is pointing into the stack for thread: 0x000000000253e000
R10=0x00007fff8be07c1f is an unknown value
R11=0x0000000000000000 is an unknown value
R12=0x0000000025f00bd0 is an unknown value
R13=0x00000000248ab5b0 is an unknown value
R14=0x0000000025f00cd8 is an unknown value
R15=0x0000000014d2f5e8 is an unknown value


Stack: [0x0000000014c30000,0x0000000014d30000],  sp=0x0000000014d2f470,  free space=1021k
Native frames: (J=compiled Java code, j=interpreted, Vv=VM code, C=native code)
C  [ntdll.dll+0xff44c]
C  [ntdll.dll+0xc150d]
C  [KERNEL32.DLL+0x1fbba]
C  [MSVCR110.dll+0x752d]
C  [MSVCR110.dll+0x14cde]
C  [MSVCR110.dll+0x13edc]
C  [MSVCR110.dll+0x239e]
C  [MSVCR110.dll+0xaf9e]
C  [MSVCP110.dll+0x397b9]
C  [librdi_common.dll+0x135d02]
C  [librdi_common.dll+0x13447b]
C  0x00007fff71272400
C  0x00007fff71272682
C  [ntdll.dll+0x2a35f]
C  [ntdll.dll+0x806b]
C  [ntdll.dll+0x7d94]
C  [KERNEL32.DLL+0x1ce6a]
C  [MSVCR100.dll+0x20ccd]
V  [jvm.dll+0x1f9c55]
V  [jvm.dll+0x2325e7]
V  [jvm.dll+0x231826]
V  [jvm.dll+0x231cc1]
V  [jvm.dll+0x231ede]
V  [jvm.dll+0x2852fa]
C  [MSVCR100.dll+0x21d9f]
C  [MSVCR100.dll+0x21e3b]
C  [KERNEL32.DLL+0x8364]
C  [ntdll.dll+0x670d1]

VM_Operation (0x000000000014f500): Exit, mode: safepoint, requested by thread 0x000000000253e000


---------------  P R O C E S S  ---------------

Java Threads: ( => current thread )
  0x000000001730c800 JavaThread "Thread-19" daemon [_thread_blocked, id=7048, stack(0x000000002a0a0000,0x000000002a1a0000)]
  0x0000000019093800 JavaThread "TCF Locator DNS Lookup" daemon [_thread_blocked, id=4756, stack(0x00000000215a0000,0x00000000216a0000)]
  0x0000000019092000 JavaThread "TCF Locator Timer" daemon [_thread_blocked, id=4792, stack(0x00000000214a0000,0x00000000215a0000)]
  0x0000000019091800 JavaThread "TCF Locator Receiver" daemon [_thread_in_native, id=4760, stack(0x00000000213a0000,0x00000000214a0000)]
  0x0000000017645000 JavaThread "TCF Timer Dispatcher" daemon [_thread_blocked, id=3548, stack(0x0000000020da0000,0x0000000020ea0000)]
  0x000000001735a000 JavaThread "EMF Reference Cleaner" daemon [_thread_blocked, id=6592, stack(0x0000000018a10000,0x0000000018b10000)]
  0x0000000015448800 JavaThread "Service Thread" daemon [_thread_blocked, id=4704, stack(0x0000000015830000,0x0000000015930000)]
  0x0000000013bd6000 JavaThread "C1 CompilerThread2" daemon [_thread_blocked, id=6724, stack(0x0000000015330000,0x0000000015430000)]
  0x0000000013bd3000 JavaThread "C2 CompilerThread1" daemon [_thread_blocked, id=7360, stack(0x0000000015230000,0x0000000015330000)]
  0x0000000013bcd000 JavaThread "C2 CompilerThread0" daemon [_thread_blocked, id=1248, stack(0x0000000015130000,0x0000000015230000)]
  0x0000000013bcb800 JavaThread "Attach Listener" daemon [_thread_blocked, id=8900, stack(0x0000000015030000,0x0000000015130000)]
  0x0000000013bca000 JavaThread "Signal Dispatcher" daemon [_thread_blocked, id=8016, stack(0x0000000014f30000,0x0000000015030000)]
  0x00000000027a3800 JavaThread "Finalizer" daemon [_thread_blocked, id=8356, stack(0x0000000014e30000,0x0000000014f30000)]
  0x0000000013b97800 JavaThread "Reference Handler" daemon [_thread_blocked, id=2368, stack(0x0000000014d30000,0x0000000014e30000)]
  0x000000000253e000 JavaThread "main" [_thread_blocked, id=7312, stack(0x0000000000050000,0x0000000000150000)]

Other Threads:
=>0x0000000013b96000 VMThread [stack: 0x0000000014c30000,0x0000000014d30000] [id=6644]

VM state:at safepoint (shutting down)

VM Mutex/Monitor currently owned by a thread:  ([mutex/lock_event])
[0x000000000253d500] Threads_lock - owner thread: 0x0000000013b96000

Heap:
 PSYoungGen      total 61440K, used 31531K [0x00000000f5580000, 0x00000000fb800000, 0x0000000100000000)
  eden space 60928K, 51% used [0x00000000f5580000,0x00000000f744ad18,0x00000000f9100000)
  from space 512K, 0% used [0x00000000f9100000,0x00000000f9100000,0x00000000f9180000)
  to   space 19968K, 0% used [0x00000000fa480000,0x00000000fa480000,0x00000000fb800000)
 ParOldGen       total 112128K, used 31492K [0x00000000e0000000, 0x00000000e6d80000, 0x00000000f5580000)
  object space 112128K, 28% used [0x00000000e0000000,0x00000000e1ec1068,0x00000000e6d80000)
 Metaspace       used 74554K, capacity 80312K, committed 80472K, reserved 1118208K
  class space    used 9300K, capacity 11068K, committed 11096K, reserved 1048576K

Card table byte_map: [0x0000000011b70000,0x0000000011c80000] byte_map_base: 0x0000000011470000

Marking Bits: (ParMarkBitMap*) 0x00000000602fd490
 Begin Bits: [0x0000000012130000, 0x0000000012930000)
 End Bits:   [0x0000000012930000, 0x0000000013130000)

Polling page: 0x0000000000580000

CodeCache: size=245760Kb used=22889Kb max_used=22889Kb free=222870Kb
 bounds [0x00000000027b0000, 0x0000000003e30000, 0x00000000117b0000]
 total_blobs=7421 nmethods=6584 adapters=746
 compilation: enabled

Compilation events (10 events):
Event: 781.423 Thread 0x0000000013bd6000 8062       1       org.eclipse.osgi.internal.loader.BundleLoaderProxy::getBasicBundleLoader (5 bytes)
Event: 781.423 Thread 0x0000000013bd6000 nmethod 8062 0x0000000003e22350 code [0x0000000003e224a0, 0x0000000003e225b0]
Event: 781.424 Thread 0x0000000013bd6000 8063       1       org.eclipse.osgi.internal.loader.BundleLoaderProxy::getBundleData (5 bytes)
Event: 781.424 Thread 0x0000000013bd6000 nmethod 8063 0x0000000003e22090 code [0x0000000003e221e0, 0x0000000003e222f0]
Event: 781.466 Thread 0x0000000013bd6000 8065       3       java.io.File::list (33 bytes)
Event: 781.466 Thread 0x0000000013bd6000 nmethod 8065 0x0000000003e21490 code [0x0000000003e21660, 0x0000000003e21d88]
Event: 781.475 Thread 0x0000000013bd6000 8066   !   3       org.eclipse.osgi.internal.baseadaptor.BaseStorage::compact (215 bytes)
Event: 781.477 Thread 0x0000000013bd6000 nmethod 8066 0x0000000003e25d10 code [0x0000000003e26140, 0x0000000003e285a8]
Event: 781.499 Thread 0x0000000013bd6000 8067       3       org.eclipse.osgi.framework.internal.core.AbstractBundle::close (52 bytes)
Event: 781.500 Thread 0x0000000013bd6000 nmethod 8067 0x0000000003e1cbd0 code [0x0000000003e1ce00, 0x0000000003e1dae8]

GC Heap History (10 events):
Event: 603.071 GC heap before
{Heap before GC invocations=34 (full 13):
 PSYoungGen      total 61440K, used 160K [0x00000000f5580000, 0x00000000fbb00000, 0x0000000100000000)
  eden space 60928K, 0% used [0x00000000f5580000,0x00000000f5580000,0x00000000f9100000)
  from space 512K, 31% used [0x00000000f9100000,0x00000000f9128000,0x00000000f9180000)
  to   space 21504K, 0% used [0x00000000fa600000,0x00000000fa600000,0x00000000fbb00000)
 ParOldGen       total 112128K, used 32775K [0x00000000e0000000, 0x00000000e6d80000, 0x00000000f5580000)
  object space 112128K, 29% used [0x00000000e0000000,0x00000000e2001c18,0x00000000e6d80000)
 Metaspace       used 73092K, capacity 78790K, committed 79064K, reserved 1118208K
  class space    used 9135K, capacity 10904K, committed 10968K, reserved 1048576K
Event: 603.331 GC heap after
Heap after GC invocations=34 (full 13):
 PSYoungGen      total 61440K, used 0K [0x00000000f5580000, 0x00000000fbb00000, 0x0000000100000000)
  eden space 60928K, 0% used [0x00000000f5580000,0x00000000f5580000,0x00000000f9100000)
  from space 512K, 0% used [0x00000000f9100000,0x00000000f9100000,0x00000000f9180000)
  to   space 21504K, 0% used [0x00000000fa600000,0x00000000fa600000,0x00000000fbb00000)
 ParOldGen       total 112128K, used 31515K [0x00000000e0000000, 0x00000000e6d80000, 0x00000000f5580000)
  object space 112128K, 28% used [0x00000000e0000000,0x00000000e1ec6d28,0x00000000e6d80000)
 Metaspace       used 73092K, capacity 78790K, committed 79064K, reserved 1118208K
  class space    used 9135K, capacity 10904K, committed 10968K, reserved 1048576K
}
Event: 663.084 GC heap before
{Heap before GC invocations=35 (full 13):
 PSYoungGen      total 61440K, used 7112K [0x00000000f5580000, 0x00000000fbb00000, 0x0000000100000000)
  eden space 60928K, 11% used [0x00000000f5580000,0x00000000f5c72368,0x00000000f9100000)
  from space 512K, 0% used [0x00000000f9100000,0x00000000f9100000,0x00000000f9180000)
  to   space 21504K, 0% used [0x00000000fa600000,0x00000000fa600000,0x00000000fbb00000)
 ParOldGen       total 112128K, used 31515K [0x00000000e0000000, 0x00000000e6d80000, 0x00000000f5580000)
  object space 112128K, 28% used [0x00000000e0000000,0x00000000e1ec6d28,0x00000000e6d80000)
 Metaspace       used 73161K, capacity 78790K, committed 79064K, reserved 1118208K
  class space    used 9135K, capacity 10904K, committed 10968K, reserved 1048576K
Event: 663.086 GC heap after
Heap after GC invocations=35 (full 13):
 PSYoungGen      total 81408K, used 416K [0x00000000f5580000, 0x00000000fba00000, 0x0000000100000000)
  eden space 60928K, 0% used [0x00000000f5580000,0x00000000f5580000,0x00000000f9100000)
  from space 20480K, 2% used [0x00000000fa600000,0x00000000fa668000,0x00000000fba00000)
  to   space 20992K, 0% used [0x00000000f9100000,0x00000000f9100000,0x00000000fa580000)
 ParOldGen       total 112128K, used 31515K [0x00000000e0000000, 0x00000000e6d80000, 0x00000000f5580000)
  object space 112128K, 28% used [0x00000000e0000000,0x00000000e1ec6d28,0x00000000e6d80000)
 Metaspace       used 73161K, capacity 78790K, committed 79064K, reserved 1118208K
  class space    used 9135K, capacity 10904K, committed 10968K, reserved 1048576K
}
Event: 663.086 GC heap before
{Heap before GC invocations=36 (full 14):
 PSYoungGen      total 81408K, used 416K [0x00000000f5580000, 0x00000000fba00000, 0x0000000100000000)
  eden space 60928K, 0% used [0x00000000f5580000,0x00000000f5580000,0x00000000f9100000)
  from space 20480K, 2% used [0x00000000fa600000,0x00000000fa668000,0x00000000fba00000)
  to   space 20992K, 0% used [0x00000000f9100000,0x00000000f9100000,0x00000000fa580000)
 ParOldGen       total 112128K, used 31515K [0x00000000e0000000, 0x00000000e6d80000, 0x00000000f5580000)
  object space 112128K, 28% used [0x00000000e0000000,0x00000000e1ec6d28,0x00000000e6d80000)
 Metaspace       used 73161K, capacity 78790K, committed 79064K, reserved 1118208K
  class space    used 9135K, capacity 10904K, committed 10968K, reserved 1048576K
Event: 663.215 GC heap after
Heap after GC invocations=36 (full 14):
 PSYoungGen      total 81408K, used 0K [0x00000000f5580000, 0x00000000fba00000, 0x0000000100000000)
  eden space 60928K, 0% used [0x00000000f5580000,0x00000000f5580000,0x00000000f9100000)
  from space 20480K, 0% used [0x00000000fa600000,0x00000000fa600000,0x00000000fba00000)
  to   space 20992K, 0% used [0x00000000f9100000,0x00000000f9100000,0x00000000fa580000)
 ParOldGen       total 112128K, used 31603K [0x00000000e0000000, 0x00000000e6d80000, 0x00000000f5580000)
  object space 112128K, 28% used [0x00000000e0000000,0x00000000e1edce78,0x00000000e6d80000)
 Metaspace       used 73161K, capacity 78790K, committed 79064K, reserved 1118208K
  class space    used 9135K, capacity 10904K, committed 10968K, reserved 1048576K
}
Event: 723.112 GC heap before
{Heap before GC invocations=37 (full 14):
 PSYoungGen      total 81408K, used 4218K [0x00000000f5580000, 0x00000000fba00000, 0x0000000100000000)
  eden space 60928K, 6% used [0x00000000f5580000,0x00000000f599ebd8,0x00000000f9100000)
  from space 20480K, 0% used [0x00000000fa600000,0x00000000fa600000,0x00000000fba00000)
  to   space 20992K, 0% used [0x00000000f9100000,0x00000000f9100000,0x00000000fa580000)
 ParOldGen       total 112128K, used 31603K [0x00000000e0000000, 0x00000000e6d80000, 0x00000000f5580000)
  object space 112128K, 28% used [0x00000000e0000000,0x00000000e1edce78,0x00000000e6d80000)
 Metaspace       used 73185K, capacity 78790K, committed 79064K, reserved 1118208K
  class space    used 9135K, capacity 10904K, committed 10968K, reserved 1048576K
Event: 723.118 GC heap after
Heap after GC invocations=37 (full 14):
 PSYoungGen      total 61440K, used 128K [0x00000000f5580000, 0x00000000fb800000, 0x0000000100000000)
  eden space 60928K, 0% used [0x00000000f5580000,0x00000000f5580000,0x00000000f9100000)
  from space 512K, 25% used [0x00000000f9100000,0x00000000f9120000,0x00000000f9180000)
  to   space 19968K, 0% used [0x00000000fa480000,0x00000000fa480000,0x00000000fb800000)
 ParOldGen       total 112128K, used 31611K [0x00000000e0000000, 0x00000000e6d80000, 0x00000000f5580000)
  object space 112128K, 28% used [0x00000000e0000000,0x00000000e1edee78,0x00000000e6d80000)
 Metaspace       used 73185K, capacity 78790K, committed 79064K, reserved 1118208K
  class space    used 9135K, capacity 10904K, committed 10968K, reserved 1048576K
}
Event: 723.118 GC heap before
{Heap before GC invocations=38 (full 15):
 PSYoungGen      total 61440K, used 128K [0x00000000f5580000, 0x00000000fb800000, 0x0000000100000000)
  eden space 60928K, 0% used [0x00000000f5580000,0x00000000f5580000,0x00000000f9100000)
  from space 512K, 25% used [0x00000000f9100000,0x00000000f9120000,0x00000000f9180000)
  to   space 19968K, 0% used [0x00000000fa480000,0x00000000fa480000,0x00000000fb800000)
 ParOldGen       total 112128K, used 31611K [0x00000000e0000000, 0x00000000e6d80000, 0x00000000f5580000)
  object space 112128K, 28% used [0x00000000e0000000,0x00000000e1edee78,0x00000000e6d80000)
 Metaspace       used 73185K, capacity 78790K, committed 79064K, reserved 1118208K
  class space    used 9135K, capacity 10904K, committed 10968K, reserved 1048576K
Event: 723.269 GC heap after
Heap after GC invocations=38 (full 15):
 PSYoungGen      total 61440K, used 0K [0x00000000f5580000, 0x00000000fb800000, 0x0000000100000000)
  eden space 60928K, 0% used [0x00000000f5580000,0x00000000f5580000,0x00000000f9100000)
  from space 512K, 0% used [0x00000000f9100000,0x00000000f9100000,0x00000000f9180000)
  to   space 19968K, 0% used [0x00000000fa480000,0x00000000fa480000,0x00000000fb800000)
 ParOldGen       total 112128K, used 31492K [0x00000000e0000000, 0x00000000e6d80000, 0x00000000f5580000)
  object space 112128K, 28% used [0x00000000e0000000,0x00000000e1ec1068,0x00000000e6d80000)
 Metaspace       used 73185K, capacity 78790K, committed 79064K, reserved 1118208K
  class space    used 9135K, capacity 10904K, committed 10968K, reserved 1048576K
}

Deoptimization events (10 events):
Event: 780.362 Thread 0x000000000253e000 Uncommon trap: reason=bimorphic action=maybe_recompile pc=0x0000000003adf3d0 method=org.eclipse.e4.core.internal.di.Requestor.<init>(Ljava/lang/reflect/AccessibleObject;Lorg/eclipse/e4/core/di/IInjector;Lorg/eclipse/e4/core/di/suppliers/PrimaryObjectSuppliª®n(cˆ@
Event: 780.395 Thread 0x000000000253e000 Uncommon trap: reason=null_check action=make_not_entrant pc=0x0000000003c87f60 method=org.eclipse.emf.ecore.impl.EClassImpl$1EAllStructuralFeaturesList.init()V @ 37
Event: 780.510 Thread 0x000000000253e000 Uncommon trap: reason=unreached action=reinterpret pc=0x0000000003bc56d4 method=org.eclipse.swt.widgets.Display.drawMenuBars()V @ 4
Event: 780.586 Thread 0x000000001730a000 Uncommon trap: reason=bimorphic action=maybe_recompile pc=0x0000000002bb6f30 method=java.util.Properties.load0(Ljava/util/Properties$LineReader;)V @ 242
Event: 780.628 Thread 0x000000000253e000 Uncommon trap: reason=unreached action=reinterpret pc=0x0000000002f7ad5c method=org.eclipse.e4.ui.internal.workbench.swt.PartRenderingEngine.someAreVisible(Ljava/util/List;)Z @ 41
Event: 780.681 Thread 0x000000000253e000 Uncommon trap: reason=class_check action=maybe_recompile pc=0x0000000003daa1cc method=org.eclipse.e4.core.internal.contexts.TrackableComputationExt.update(Lorg/eclipse/e4/core/internal/contexts/ContextChangeEvent;)Z @ 62
Event: 780.681 Thread 0x000000000253e000 Uncommon trap: reason=class_check action=maybe_recompile pc=0x0000000003daa1cc method=org.eclipse.e4.core.internal.contexts.TrackableComputationExt.update(Lorg/eclipse/e4/core/internal/contexts/ContextChangeEvent;)Z @ 62
Event: 780.682 Thread 0x000000000253e000 Uncommon trap: reason=class_check action=maybe_recompile pc=0x0000000003daa1cc method=org.eclipse.e4.core.internal.contexts.TrackableComputationExt.update(Lorg/eclipse/e4/core/internal/contexts/ContextChangeEvent;)Z @ 62
Event: 781.313 Thread 0x000000000253e000 Uncommon trap: reason=null_check action=make_not_entrant pc=0x00000000031e1868 method=org.eclipse.core.runtime.internal.adaptor.EclipseLazyStarter.shouldActivateFor(Ljava/lang/String;Lorg/eclipse/osgi/baseadaptor/BaseData;Lorg/eclipse/core/runtime/internalîc³Nkˆ@
Event: 781.413 Thread 0x000000000253e000 Uncommon trap: reason=unreached action=reinterpret pc=0x0000000002b58e9c method=java.lang.ref.ReferenceQueue.poll()Ljava/lang/ref/Reference; @ 4

Internal exceptions (10 events):
Event: 780.174 Thread 0x000000001909a800 Exception <a 'sun/net/ConnectionResetException': > (0x00000000f56457c0) thrown at [D:\re\workspace\8-2-build-windows-amd64-cygwin\jdk8u25\1677\hotspot\src\share\vm\prims\jni.cpp, line 742]
Event: 780.175 Thread 0x000000001909b000 Exception <a 'java/net/SocketException': Connection reset by peer: socket write error> (0x00000000f5e34150) thrown at [D:\re\workspace\8-2-build-windows-amd64-cygwin\jdk8u25\1677\hotspot\src\share\vm\prims\jni.cpp, line 742]
Event: 780.176 Thread 0x0000000019093000 Exception <a 'java/lang/InterruptedException'> (0x00000000f5e43498) thrown at [D:\re\workspace\8-2-build-windows-amd64-cygwin\jdk8u25\1677\hotspot\src\share\vm\runtime\objectMonitor.cpp, line 1682]
Event: 780.176 Thread 0x0000000017309800 Exception <a 'java/net/SocketException': Socket closed> (0x00000000f5e76158) thrown at [D:\re\workspace\8-2-build-windows-amd64-cygwin\jdk8u25\1677\hotspot\src\share\vm\prims\jni.cpp, line 742]
Event: 780.741 Thread 0x000000001730b800 Exception <a 'java/lang/InterruptedException'> (0x00000000f6f65600) thrown at [D:\re\workspace\8-2-build-windows-amd64-cygwin\jdk8u25\1677\hotspot\src\share\vm\runtime\objectMonitor.cpp, line 1682]
Event: 781.313 Thread 0x000000000253e000 Implicit null exception at 0x00000000031e0f6b to 0x00000000031e1859
Event: 781.426 Thread 0x0000000016396000 Exception <a 'java/lang/InterruptedException': sleep interrupted> (0x00000000f729f328) thrown at [D:\re\workspace\8-2-build-windows-amd64-cygwin\jdk8u25\1677\hotspot\src\share\vm\prims\jvm.cpp, line 3141]
Event: 781.428 Thread 0x0000000017640800 Exception <a 'java/lang/InterruptedException'> (0x00000000f73377f8) thrown at [D:\re\workspace\8-2-build-windows-amd64-cygwin\jdk8u25\1677\hotspot\src\share\vm\runtime\objectMonitor.cpp, line 1682]
Event: 781.428 Thread 0x0000000016ef6800 Exception <a 'java/lang/InterruptedException'> (0x00000000f7350418) thrown at [D:\re\workspace\8-2-build-windows-amd64-cygwin\jdk8u25\1677\hotspot\src\share\vm\runtime\objectMonitor.cpp, line 1682]
Event: 781.499 Thread 0x00000000163dc000 Exception <a 'java/lang/InterruptedException'> (0x00000000f7215140) thrown at [D:\re\workspace\8-2-build-windows-amd64-cygwin\jdk8u25\1677\hotspot\src\share\vm\runtime\objectMonitor.cpp, line 1682]

Events (10 events):
Event: 781.428 Thread 0x0000000016ef6800 Thread exited: 0x0000000016ef6800
Event: 781.499 Thread 0x00000000163dc000 Thread exited: 0x00000000163dc000
Event: 781.499 Thread 0x000000001618c000 Thread exited: 0x000000001618c000
Event: 781.500 loading class java/util/IdentityHashMap$KeyIterator
Event: 781.500 loading class java/util/IdentityHashMap$IdentityHashMapIterator
Event: 781.500 loading class java/util/IdentityHashMap$IdentityHashMapIterator done
Event: 781.500 loading class java/util/IdentityHashMap$KeyIterator done
Event: 781.500 Thread 0x0000000017309800 Thread added: 0x0000000017309800
Event: 781.500 Thread 0x0000000017309800 Thread exited: 0x0000000017309800
Event: 781.501 Executing VM operation: Exit


Dynamic libraries:
0x0000000000400000 - 0x000000000044f000 	C:\XilinxSOC\SDK\2015.2\eclipse\win64.o\eclipse.exe
0x00007fff8be00000 - 0x00007fff8bfd1000 	C:\WINDOWS\SYSTEM32\ntdll.dll
0x00007fff89b10000 - 0x00007fff89bbb000 	C:\WINDOWS\System32\KERNEL32.DLL
0x00007fff88e20000 - 0x00007fff8903d000 	C:\WINDOWS\System32\KERNELBASE.dll
0x00007fff8a0a0000 - 0x00007fff8a205000 	C:\WINDOWS\System32\USER32.dll
0x00007fff890e0000 - 0x00007fff890fe000 	C:\WINDOWS\System32\win32u.dll
0x00007fff89bf0000 - 0x00007fff89c24000 	C:\WINDOWS\System32\GDI32.dll
0x00007fff88ae0000 - 0x00007fff88c62000 	C:\WINDOWS\System32\gdi32full.dll
0x00007fff8b790000 - 0x00007fff8b82e000 	C:\WINDOWS\System32\msvcrt.dll
0x00007fff794c0000 - 0x00007fff7973a000 	C:\WINDOWS\WinSxS\amd64_microsoft.windows.common-controls_6595b64144ccf1df_6.0.14393.953_none_42151e83c686086b\COMCTL32.dll
0x00007fff897e0000 - 0x00007fff89aa8000 	C:\WINDOWS\System32\combase.dll
0x00007fff88d20000 - 0x00007fff88e15000 	C:\WINDOWS\System32\ucrtbase.dll
0x00007fff89f70000 - 0x00007fff8a091000 	C:\WINDOWS\System32\RPCRT4.dll
0x00007fff89100000 - 0x00007fff8916a000 	C:\WINDOWS\System32\bcryptPrimitives.dll
0x00007fff895e0000 - 0x00007fff8960e000 	C:\WINDOWS\System32\IMM32.DLL
0x0000000072000000 - 0x0000000072012000 	C:\XilinxSOC\SDK\2015.2\eclipse\win64.o\plugins\org.eclipse.equinox.launcher.win32.win32.x86_64_1.1.200.v20140116-2212\eclipse_1503.dll
0x00007fff89e50000 - 0x00007fff89ef2000 	C:\WINDOWS\System32\ADVAPI32.dll
0x00007fff89780000 - 0x00007fff897d9000 	C:\WINDOWS\System32\sechost.dll
0x00007fff7a2c0000 - 0x00007fff7a2ca000 	C:\WINDOWS\SYSTEM32\VERSION.dll
0x00007fff869e0000 - 0x00007fff86a75000 	C:\WINDOWS\system32\uxtheme.dll
0x00007fff89cf0000 - 0x00007fff89e4a000 	C:\WINDOWS\System32\MSCTF.dll
0x00007fff89c30000 - 0x00007fff89cef000 	C:\WINDOWS\System32\OLEAUT32.dll
0x00007fff89040000 - 0x00007fff890dc000 	C:\WINDOWS\System32\msvcp_win.dll
0x00007fff829f0000 - 0x00007fff82a88000 	C:\Program Files\Common Files\microsoft shared\ink\tiptsf.dll
0x000000005fb20000 - 0x000000006037a000 	C:\XilinxSOC\SDK\2015.2\tps\win64\jre\bin\server\jvm.dll
0x00007fff89610000 - 0x00007fff89618000 	C:\WINDOWS\System32\PSAPI.DLL
0x00007fff74c00000 - 0x00007fff74c09000 	C:\WINDOWS\SYSTEM32\WSOCK32.dll
0x00007fff86090000 - 0x00007fff860b3000 	C:\WINDOWS\SYSTEM32\WINMM.dll
0x00007fff89570000 - 0x00007fff895da000 	C:\WINDOWS\System32\WS2_32.dll
0x000000005f910000 - 0x000000005f9e2000 	C:\XilinxSOC\SDK\2015.2\tps\win64\jre\bin\MSVCR100.dll
0x0000000000550000 - 0x000000000057b000 	C:\WINDOWS\SYSTEM32\WINMMBASE.dll
0x00007fff89170000 - 0x00007fff891b2000 	C:\WINDOWS\System32\cfgmgr32.dll
0x000000005f900000 - 0x000000005f90f000 	C:\XilinxSOC\SDK\2015.2\tps\win64\jre\bin\verify.dll
0x000000005f8d0000 - 0x000000005f8f8000 	C:\XilinxSOC\SDK\2015.2\tps\win64\jre\bin\java.dll
0x000000005f8b0000 - 0x000000005f8c6000 	C:\XilinxSOC\SDK\2015.2\tps\win64\jre\bin\zip.dll
0x00007fff8a210000 - 0x00007fff8b718000 	C:\WINDOWS\System32\SHELL32.dll
0x00007fff88400000 - 0x00007fff88ada000 	C:\WINDOWS\System32\windows.storage.dll
0x00007fff88280000 - 0x00007fff882cc000 	C:\WINDOWS\System32\powrprof.dll
0x00007fff89f10000 - 0x00007fff89f62000 	C:\WINDOWS\System32\shlwapi.dll
0x00007fff882d0000 - 0x00007fff882df000 	C:\WINDOWS\System32\kernel.appcore.dll
0x00007fff88350000 - 0x00007fff883f9000 	C:\WINDOWS\System32\shcore.dll
0x00007fff88260000 - 0x00007fff88274000 	C:\WINDOWS\System32\profapi.dll
0x00007fff87cd0000 - 0x00007fff87ce7000 	C:\WINDOWS\SYSTEM32\CRYPTSP.dll
0x00007fff87730000 - 0x00007fff87763000 	C:\WINDOWS\system32\rsaenh.dll
0x00007fff881a0000 - 0x00007fff881cb000 	C:\WINDOWS\SYSTEM32\bcrypt.dll
0x00007fff879b0000 - 0x00007fff879cf000 	C:\WINDOWS\SYSTEM32\USERENV.dll
0x00007fff87cf0000 - 0x00007fff87cfb000 	C:\WINDOWS\SYSTEM32\CRYPTBASE.dll
0x000000005f890000 - 0x000000005f8aa000 	C:\XilinxSOC\SDK\2015.2\tps\win64\jre\bin\net.dll
0x00007fff87b30000 - 0x00007fff87b8c000 	C:\WINDOWS\system32\mswsock.dll
0x00007fff878b0000 - 0x00007fff878e8000 	C:\WINDOWS\SYSTEM32\IPHLPAPI.DLL
0x00007fff89f00000 - 0x00007fff89f08000 	C:\WINDOWS\System32\NSI.dll
0x00007fff80bf0000 - 0x00007fff80c06000 	C:\WINDOWS\SYSTEM32\dhcpcsvc6.DLL
0x00007fff81020000 - 0x00007fff8103a000 	C:\WINDOWS\SYSTEM32\dhcpcsvc.DLL
0x000000005f870000 - 0x000000005f881000 	C:\XilinxSOC\SDK\2015.2\tps\win64\jre\bin\nio.dll
0x00007fff894d0000 - 0x00007fff8956f000 	C:\WINDOWS\System32\clbcatq.dll
0x00007fff7c5c0000 - 0x00007fff7c76a000 	C:\Windows\System32\uiautomationcore.dll
0x00007fff880a0000 - 0x00007fff88138000 	C:\WINDOWS\SYSTEM32\sxs.dll
0x00007fff7dca0000 - 0x00007fff7dd05000 	C:\Windows\System32\OLEACC.dll
0x00007fff62ed0000 - 0x00007fff62ee6000 	C:\WINDOWS\system32\napinsp.dll
0x00007fff62ef0000 - 0x00007fff62f0a000 	C:\WINDOWS\system32\pnrpnsp.dll
0x00007fff85e20000 - 0x00007fff85e38000 	C:\WINDOWS\system32\NLAapi.dll
0x00007fff878f0000 - 0x00007fff87991000 	C:\WINDOWS\SYSTEM32\DNSAPI.dll
0x00007fff63740000 - 0x00007fff6374e000 	C:\WINDOWS\System32\winrnr.dll
0x00007fff64c70000 - 0x00007fff64c85000 	C:\WINDOWS\System32\wshbth.dll
0x00007fff798c0000 - 0x00007fff798ca000 	C:\Windows\System32\rasadhlp.dll
0x00007fff80590000 - 0x00007fff805fa000 	C:\WINDOWS\System32\fwpuclnt.dll
0x00007fff89390000 - 0x00007fff894c7000 	C:\WINDOWS\System32\ole32.dll
0x0000000018710000 - 0x00000000187b8000 	C:\Users\Kunal Shahu\.Xilinx\SDK\2015.2\org.eclipse.osgi\bundles\287\1\.cp\swt-win32-4335.dll
0x00007fff89620000 - 0x00007fff8971a000 	C:\WINDOWS\System32\comdlg32.dll
0x00007fff891c0000 - 0x00007fff89389000 	C:\WINDOWS\System32\CRYPT32.dll
0x00007fff7dd10000 - 0x00007fff7dd96000 	C:\WINDOWS\SYSTEM32\WINSPOOL.DRV
0x00007fff882e0000 - 0x00007fff882f0000 	C:\WINDOWS\System32\MSASN1.dll
0x00007fff6a770000 - 0x00007fff6a789000 	C:\WINDOWS\SYSTEM32\USP10.dll
0x00007fff79000000 - 0x00007fff792ca000 	C:\WINDOWS\SYSTEM32\WININET.dll
0x00007fff85e40000 - 0x00007fff85e66000 	C:\WINDOWS\system32\dwmapi.dll
0x00007fff85ae0000 - 0x00007fff85c65000 	C:\WINDOWS\SYSTEM32\propsys.dll
0x0000000018d00000 - 0x0000000018d1e000 	C:\Users\Kunal Shahu\.Xilinx\SDK\2015.2\org.eclipse.osgi\bundles\287\1\.cp\swt-gdip-win32-4335.dll
0x00007fff7db00000 - 0x00007fff7dc9a000 	C:\WINDOWS\WinSxS\amd64_microsoft.windows.gdiplus_6595b64144ccf1df_1.1.14393.953_none_7300116921188239\gdiplus.dll
0x00007fff85920000 - 0x00007fff85ac8000 	C:\WINDOWS\SYSTEM32\WindowsCodecs.dll
0x0000000180000000 - 0x0000000180012000 	C:\Users\Kunal Shahu\.Xilinx\SDK\2015.2\org.eclipse.osgi\bundles\113\1\.cp\os\win32\x86_64\localfile_1_0_0.dll
0x00007fff7f080000 - 0x00007fff7f091000 	C:\Users\Kunal Shahu\.Xilinx\SDK\2015.2\org.eclipse.osgi\bundles\116\1\.cp\jWinHttp-1.0.0.dll
0x00007fff7a7b0000 - 0x00007fff7a87d000 	C:\WINDOWS\SYSTEM32\WINHTTP.dll
0x00007fff86cb0000 - 0x00007fff86dcc000 	C:\WINDOWS\system32\twinapi.appcore.dll
0x00007fff835a0000 - 0x00007fff8361d000 	C:\WINDOWS\SYSTEM32\twinapi.dll
0x00007fff71690000 - 0x00007fff716a0000 	C:\XilinxSOC\SDK\2015.2\lib\win64.o\librdi_repo_manager.dll
0x00007fff5cbc0000 - 0x00007fff5cbea000 	C:\XilinxSOC\SDK\2015.2\lib\win64.o\libisl_sysinfo.dll
0x00007fff2abe0000 - 0x00007fff2b523000 	C:\XilinxSOC\SDK\2015.2\lib\win64.o\librdi_common.dll
0x00007fff59960000 - 0x00007fff599b4000 	C:\XilinxSOC\SDK\2015.2\lib\win64.o\librdi_commonxillic.dll
0x00007fff28e20000 - 0x00007fff29008000 	C:\XilinxSOC\SDK\2015.2\lib\win64.o\librdi_hsm.dll
0x00007fff7eef0000 - 0x00007fff7ef97000 	C:\WINDOWS\SYSTEM32\MSVCP110.dll
0x00007fff7e8b0000 - 0x00007fff7e984000 	C:\WINDOWS\SYSTEM32\MSVCR110.dll
0x00007fff2a930000 - 0x00007fff2abd8000 	C:\XilinxSOC\SDK\2015.2\lib\win64.o\libCOIN-all.dll
0x00007fff2a710000 - 0x00007fff2a930000 	C:\XilinxSOC\SDK\2015.2\lib\win64.o\libXil_lmgr11.dll
0x00007fff882f0000 - 0x00007fff88345000 	C:\WINDOWS\System32\WINTRUST.dll
0x00007fff5f360000 - 0x00007fff5f382000 	C:\XilinxSOC\SDK\2015.2\lib\win64.o\libboost_filesystem.dll
0x00007fff5bed0000 - 0x00007fff5bf44000 	C:\XilinxSOC\SDK\2015.2\lib\win64.o\libboost_program_options.dll
0x00007fff7c3d0000 - 0x00007fff7c3e0000 	C:\XilinxSOC\SDK\2015.2\lib\win64.o\libboost_date_time.dll
0x00007fff717c0000 - 0x00007fff717d3000 	C:\XilinxSOC\SDK\2015.2\lib\win64.o\libboost_signals.dll
0x00007fff544f0000 - 0x00007fff545ea000 	C:\XilinxSOC\SDK\2015.2\lib\win64.o\libboost_regex.dll
0x00007fff6cb80000 - 0x00007fff6cb9d000 	C:\XilinxSOC\SDK\2015.2\lib\win64.o\libboost_thread.dll
0x00007fff5b8b0000 - 0x00007fff5b930000 	C:\XilinxSOC\SDK\2015.2\lib\win64.o\libhdlpsolve.dll
0x00007fff5f330000 - 0x00007fff5f353000 	C:\XilinxSOC\SDK\2015.2\lib\win64.o\libisl_iosutils.dll
0x00007fff7f060000 - 0x00007fff7f075000 	C:\XilinxSOC\SDK\2015.2\lib\win64.o\pthreadVC2.dll
0x00007fff2a100000 - 0x00007fff2a70a200 	C:\XilinxSOC\SDK\2015.2\lib\win64.o\libisl_iostreams.dll
0x00007fff29fd0000 - 0x00007fff2a100000 	C:\XilinxSOC\SDK\2015.2\lib\win64.o\librdi_curl.dll
0x00007fff6b5f0000 - 0x00007fff6b608000 	C:\XilinxSOC\SDK\2015.2\lib\win64.o\librdiconfig.dll
0x00007fff5b9c0000 - 0x00007fff5b9e3000 	C:\XilinxSOC\SDK\2015.2\lib\win64.o\librdizlib.dll
0x00007fff5ac20000 - 0x00007fff5acba000 	C:\XilinxSOC\SDK\2015.2\lib\win64.o\libhdxml.dll
0x000000005f9f0000 - 0x000000005fb17000 	C:\XilinxSOC\SDK\2015.2\lib\win64.o\tcl85t.dll
0x0000000022900000 - 0x0000000022b63000 	C:\XilinxSOC\SDK\2015.2\lib\win64.o\xerces-c_3_1.dll
0x00007fff776f0000 - 0x00007fff778b3000 	C:\WINDOWS\SYSTEM32\urlmon.dll
0x00007fff71530000 - 0x00007fff71553000 	C:\WINDOWS\SYSTEM32\VCOMP110.DLL
0x00007fff7c2e0000 - 0x00007fff7c2e9000 	C:\XilinxSOC\SDK\2015.2\lib\win64.o\libboost_system.dll
0x00007fff28c60000 - 0x00007fff28e1a000 	C:\XilinxSOC\SDK\2015.2\lib\win64.o\librdi_ippcw.dll
0x00007fff75610000 - 0x00007fff75628000 	C:\WINDOWS\SYSTEM32\NETAPI32.dll
0x00007fff596d0000 - 0x00007fff59713000 	C:\XilinxSOC\SDK\2015.2\lib\win64.o\librdi_hdf.dll
0x00007fff6b4f0000 - 0x00007fff6b506000 	C:\XilinxSOC\SDK\2015.2\lib\win64.o\libboost_iostreams.dll
0x00007fff7aab0000 - 0x00007fff7ad54000 	C:\WINDOWS\SYSTEM32\iertutil.dll
0x00007fff75590000 - 0x00007fff7559b000 	C:\XilinxSOC\SDK\2015.2\lib\win64.o\libboost_chrono.dll
0x00007fff690a0000 - 0x00007fff690bc000 	C:\XilinxSOC\SDK\2015.2\lib\win64.o\librdi_hw_platform.dll
0x00007fff7dda0000 - 0x00007fff7dda7000 	C:\WINDOWS\SYSTEM32\msimg32.dll
0x00007fff66790000 - 0x00007fff667d2000 	C:\WINDOWS\SYSTEM32\edputil.dll
0x00007fff29bc0000 - 0x00007fff29fca000 	C:\XilinxSOC\SDK\2015.2\lib\win64.o\librdi_commontasks.dll
0x00007fff293b0000 - 0x00007fff29bc0000 	C:\XilinxSOC\SDK\2015.2\lib\win64.o\libXil_lmgr11FNP.dll
0x00007fff8b830000 - 0x00007fff8bc59000 	C:\WINDOWS\System32\SETUPAPI.dll
0x00007fff829c0000 - 0x00007fff829cc000 	C:\WINDOWS\SYSTEM32\snmpapi.dll
0x00007fff87ed0000 - 0x00007fff87efc000 	C:\WINDOWS\SYSTEM32\SspiCli.dll
0x00007fff86f00000 - 0x00007fff86f28000 	C:\WINDOWS\SYSTEM32\DEVOBJ.dll

VM Arguments:
jvm_args: -Dcom.xilinx.sdk.args.hwspec=C:/Zynq_Book/project_stepper_DIP/project_stepper_DIP.sdk/design_project_DIP_wrapper.hdf -Xms64m -Xmx512m & 
java_command: <unknown>
java_class_path (initial): C:\XilinxSOC\SDK\2015.2\eclipse\win64.o\\plugins/org.eclipse.equinox.launcher_1.3.0.v20130327-1440.jar
Launcher Type: generic

Environment Variables:
PATH=C:/XilinxSOC/SDK/2015.2/tps/win64/jre/bin/server;C:/XilinxSOC/SDK/2015.2/tps/win64/jre/bin;C:/XilinxSOC/SDK/2015.2/tps/win64/jre/lib/amd64;C:\XilinxSOC\SDK\2015.2\gnuwin\bin;C:\XilinxSOC\SDK\2015.2\gnu\microblaze\nt\bin;C:\XilinxSOC\SDK\2015.2\gnu\microblaze\linux_toolchain\nt64_le\bin;C:\XilinxSOC\SDK\2015.2\gnu\microblaze\linux_toolchain\nt64_be\bin;C:\XilinxSOC\SDK\2015.2\gnu\arm\nt\bin;C:\XilinxSOC\SDK\2015.2\gnu\aarch64\nt\aarch64-none\bin;C:\XilinxSOC\SDK\2015.2\gnu\aarch64\nt\aarch64-linux\bin;C:\XilinxSOC\SDK\2015.2\gnu\armr5\nt\gcc-arm-none-eabi\bin;C:\XilinxSOC\SDK\2015.2\gnu\aarch32\nt\gcc-arm-none-eabi\bin;C:\XilinxSOC\SDK\2015.2\gnu\aarch32\nt\gcc-arm-linux-gnueabi\bin;C:\XilinxSOC\SDK\2015.2\bin;C:\XilinxSOC\SDK\2015.2\lib\win64.o;C:\XilinxSOC\SDK\2015.2\tps\win64\jre\bin\server;C:\XilinxSOC\SDK\2015.2\tps\win64\jre\bin;C:\XilinxSOC\SDK\2015.2\bin;C:\XilinxSOC\SDK\2015.2\bin;C:\XilinxSOC\Vivado\2015.2\ids_lite\ISE\bin\nt64;C:\XilinxSOC\Vivado\2015.2\ids_lite\ISE\lib\nt64;C:\XilinxSOC\Vivado\2015.2\bin;C:\XilinxSOC\Vivado\2015.2\lib\win64.o;C:\XilinxSOC\Vivado\2015.2\tps\win64\jre\bin\server;C:\XilinxSOC\Vivado\2015.2\tps\win64\jre\bin;C:\XilinxSOC\SDK\2015.2\bin;C:\XilinxSOC\Vivado\2015.2\ids_lite\ISE\bin\nt64;C:\XilinxSOC\Vivado\2015.2\ids_lite\ISE\lib\nt64;C:\XilinxSOC\Vivado_HLS\2015.2\bin;C:\WINDOWS\system32;C:\WINDOWS;C:\WINDOWS\System32\Wbem;C:\WINDOWS\System32\WindowsPowerShell\v1.0\;C:\Program Files (x86)\Skype\Phone\;C:\Program Files\Intel\WiFi\bin\;C:\Program Files\Common Files\Intel\WirelessCommon\;C:\Users\Kunal Shahu\AppData\Local\Microsoft\WindowsApps;;C:\Zynq_Book\project_stepper_DIP;
USERNAME=Kunal Shahu
OS=Windows_NT
PROCESSOR_IDENTIFIER=Intel64 Family 6 Model 78 Stepping 3, GenuineIntel



---------------  S Y S T E M  ---------------

OS: Windows 8 , 64 bit Build 9200 

CPU:total 4 (2 cores per cpu, 2 threads per core) family 6 model 78 stepping 3, cmov, cx8, fxsr, mmx, sse, sse2, sse3, ssse3, sse4.1, sse4.2, popcnt, avx, avx2, aes, clmul, erms, lzcnt, ht, tsc, tscinvbit, bmi1, bmi2

Memory: 4k page, physical 8238856k(3624468k free), swap 9549576k(3613772k free)

vm_info: Java HotSpot(TM) 64-Bit Server VM (25.25-b02) for windows-amd64 JRE (1.8.0_25-b18), built on Oct  7 2014 14:25:37 by "java_re" with MS VC++ 10.0 (VS2010)

time: Mon May 08 17:03:04 2017
elapsed time: 782 seconds (0d 0h 13m 2s)

