#
# A fatal error has been detected by the Java Runtime Environment:
#
#  Internal Error (0xc000000d), pid=4004, tid=4516
#
# JRE version: Java(TM) SE Runtime Environment (8.0_25-b18) (build 1.8.0_25-b18)
# Java VM: Java HotSpot(TM) 64-Bit Server VM (25.25-b02 mixed mode windows-amd64 compressed oops)
# Problematic frame:
# C  [ntdll.dll+0xff44c]
#
# Failed to write core dump. Minidumps are not enabled by default on client versions of Windows
#
# If you would like to submit a bug report, please visit:
#   http://bugreport.sun.com/bugreport/crash.jsp
#

---------------  T H R E A D  ---------------

Current thread (0x0000000013b77000):  VMThread [stack: 0x0000000014c00000,0x0000000014d00000] [id=4516]

siginfo: ExceptionCode=0xc000000d

Registers:
RAX=0x000000001ab5e2f0, RBX=0xfffffffffffffffe, RCX=0x0000000000000001, RDX=0x0000000019896760
RSP=0x0000000014cff470, RBP=0x00007fff7e8b7408, RSI=0x0000000000000000, RDI=0x000000000000014c
R8 =0x0000000000000700, R9 =0x000000000014f7b0, R10=0x00007fff8be07c1f, R11=0x0000000000000000
R12=0x0000000026d62410, R13=0x0000000025f014a0, R14=0x0000000026d62518, R15=0x0000000014cff5e8
RIP=0x00007fff8beff44c, EFLAGS=0x0000000000000206

Top of Stack: (sp=0x0000000014cff470)
0x0000000014cff470:   0000000000000057 fffffffffffffffe
0x0000000014cff480:   0000000000000000 000000000000014c
0x0000000014cff490:   00000000c000000d 0000000000000000
0x0000000014cff4a0:   00007fff8beff44c 0000000000000000
0x0000000014cff4b0:   0000000000000000 0000000000000000
0x0000000014cff4c0:   0000000000000000 0000000000000000
0x0000000014cff4d0:   0000000000000000 0000000000000000
0x0000000014cff4e0:   0000000000000000 0000000000000000
0x0000000014cff4f0:   0000000000000000 0000000000000000
0x0000000014cff500:   0000000000000000 0000000000000000
0x0000000014cff510:   0000000000000000 0000000000000000
0x0000000014cff520:   0000000000000000 0000000000000000
0x0000000014cff530:   00001175fcbabdc0 0000000000000000
0x0000000014cff540:   0000000000000000 00007fff8bec150d
0x0000000014cff550:   0000000000000000 0000000000000000
0x0000000014cff560:   0000000000000000 0000000000000000 

Instructions: (pc=0x00007fff8beff44c)
0x00007fff8beff42c:   d5 fa ff c7 44 24 20 0d 00 00 c0 b9 57 00 00 00
0x00007fff8beff43c:   e8 7f 13 f6 ff 90 48 8d 4c 24 20 e8 04 bf f4 ff
0x00007fff8beff44c:   eb 00 48 8b 8c 24 c0 00 00 00 48 33 cc e8 82 74
0x00007fff8beff45c:   f9 ff 48 81 c4 d8 00 00 00 c3 40 55 48 83 ec 20 


Register to memory mapping:

RAX=0x000000001ab5e2f0 is an unknown value
RBX=0xfffffffffffffffe is an unknown value
RCX=0x0000000000000001 is an unknown value
RDX=0x0000000019896760 is an unknown value
RSP=0x0000000014cff470 is an unknown value
RBP=0x00007fff7e8b7408 is an unknown value
RSI=0x0000000000000000 is an unknown value
RDI=0x000000000000014c is an unknown value
R8 =0x0000000000000700 is an unknown value
R9 =0x000000000014f7b0 is pointing into the stack for thread: 0x000000000057e000
R10=0x00007fff8be07c1f is an unknown value
R11=0x0000000000000000 is an unknown value
R12=0x0000000026d62410 is an unknown value
R13=0x0000000025f014a0 is an unknown value
R14=0x0000000026d62518 is an unknown value
R15=0x0000000014cff5e8 is an unknown value


Stack: [0x0000000014c00000,0x0000000014d00000],  sp=0x0000000014cff470,  free space=1021k
Native frames: (J=compiled Java code, j=interpreted, Vv=VM code, C=native code)
C  [ntdll.dll+0xff44c]
C  [ntdll.dll+0xc150d]
C  [KERNEL32.DLL+0x1fbba]
C  [MSVCR110.dll+0x752d]
C  [MSVCR110.dll+0x14cde]
C  [MSVCR110.dll+0x13edc]
C  [MSVCR110.dll+0x239e]
C  [MSVCR110.dll+0xaf9e]
C  [MSVCP110.dll+0x397b9]
C  [librdi_common.dll+0x135d02]
C  [librdi_common.dll+0x13447b]
C  0x00007fff7e532400
C  0x00007fff7e532682
C  [ntdll.dll+0x2a35f]
C  [ntdll.dll+0x806b]
C  [ntdll.dll+0x7d94]
C  [KERNEL32.DLL+0x1ce6a]
C  [MSVCR100.dll+0x20ccd]
V  [jvm.dll+0x1f9c55]
V  [jvm.dll+0x2325e7]
V  [jvm.dll+0x231826]
V  [jvm.dll+0x231cc1]
V  [jvm.dll+0x231ede]
V  [jvm.dll+0x2852fa]
C  [MSVCR100.dll+0x21d9f]
C  [MSVCR100.dll+0x21e3b]
C  [KERNEL32.DLL+0x8364]
C  [ntdll.dll+0x670d1]

VM_Operation (0x000000000014f500): Exit, mode: safepoint, requested by thread 0x000000000057e000


---------------  P R O C E S S  ---------------

Java Threads: ( => current thread )
  0x000000001b0fc800 JavaThread "Thread-19" daemon [_thread_blocked, id=6936, stack(0x000000002a7a0000,0x000000002a8a0000)]
  0x000000001b968800 JavaThread "TCF Locator DNS Lookup" daemon [_thread_blocked, id=9676, stack(0x0000000021550000,0x0000000021650000)]
  0x000000001b96b800 JavaThread "TCF Locator Timer" daemon [_thread_blocked, id=10228, stack(0x0000000021450000,0x0000000021550000)]
  0x000000001b96a800 JavaThread "TCF Locator Receiver" daemon [_thread_in_native, id=9720, stack(0x0000000021350000,0x0000000021450000)]
  0x000000001bbc8000 JavaThread "TCF Timer Dispatcher" daemon [_thread_blocked, id=8028, stack(0x0000000021150000,0x0000000021250000)]
  0x00000000177e7000 JavaThread "EMF Reference Cleaner" daemon [_thread_blocked, id=6420, stack(0x00000000187d0000,0x00000000188d0000)]
  0x0000000013c0e800 JavaThread "Service Thread" daemon [_thread_blocked, id=9364, stack(0x0000000015800000,0x0000000015900000)]
  0x0000000013bb7800 JavaThread "C1 CompilerThread2" daemon [_thread_blocked, id=4000, stack(0x0000000015300000,0x0000000015400000)]
  0x0000000013bb0800 JavaThread "C2 CompilerThread1" daemon [_thread_blocked, id=1888, stack(0x0000000015200000,0x0000000015300000)]
  0x0000000013bad800 JavaThread "C2 CompilerThread0" daemon [_thread_blocked, id=9368, stack(0x0000000015100000,0x0000000015200000)]
  0x0000000002838800 JavaThread "Attach Listener" daemon [_thread_blocked, id=6268, stack(0x0000000015000000,0x0000000015100000)]
  0x0000000002837000 JavaThread "Signal Dispatcher" daemon [_thread_blocked, id=3328, stack(0x0000000014f00000,0x0000000015000000)]
  0x0000000002833000 JavaThread "Finalizer" daemon [_thread_blocked, id=2768, stack(0x0000000014e00000,0x0000000014f00000)]
  0x0000000013b78000 JavaThread "Reference Handler" daemon [_thread_blocked, id=9176, stack(0x0000000014d00000,0x0000000014e00000)]
  0x000000000057e000 JavaThread "main" [_thread_blocked, id=6436, stack(0x0000000000050000,0x0000000000150000)]

Other Threads:
=>0x0000000013b77000 VMThread [stack: 0x0000000014c00000,0x0000000014d00000] [id=4516]

VM state:at safepoint (shutting down)

VM Mutex/Monitor currently owned by a thread:  ([mutex/lock_event])
[0x000000000057d180] Threads_lock - owner thread: 0x0000000013b77000

Heap:
 PSYoungGen      total 100864K, used 29463K [0x00000000f5580000, 0x00000000fc580000, 0x0000000100000000)
  eden space 89088K, 33% used [0x00000000f5580000,0x00000000f7245ef8,0x00000000fac80000)
  from space 11776K, 0% used [0x00000000fba00000,0x00000000fba00000,0x00000000fc580000)
  to   space 12800K, 0% used [0x00000000fac80000,0x00000000fac80000,0x00000000fb900000)
 ParOldGen       total 73216K, used 33771K [0x00000000e0000000, 0x00000000e4780000, 0x00000000f5580000)
  object space 73216K, 46% used [0x00000000e0000000,0x00000000e20fad28,0x00000000e4780000)
 Metaspace       used 75472K, capacity 81414K, committed 81624K, reserved 1120256K
  class space    used 9312K, capacity 11111K, committed 11224K, reserved 1048576K

Card table byte_map: [0x0000000011c00000,0x0000000011d10000] byte_map_base: 0x0000000011500000

Marking Bits: (ParMarkBitMap*) 0x00000000602fd490
 Begin Bits: [0x0000000012110000, 0x0000000012910000)
 End Bits:   [0x0000000012910000, 0x0000000013110000)

Polling page: 0x0000000000580000

CodeCache: size=245760Kb used=26663Kb max_used=26701Kb free=219096Kb
 bounds [0x0000000002840000, 0x0000000004290000, 0x0000000011840000]
 total_blobs=8387 nmethods=7549 adapters=746
 compilation: enabled

Compilation events (10 events):
Event: 1330.510 Thread 0x0000000013bb7800 nmethod 9332 0x0000000003126650 code [0x00000000031267a0, 0x00000000031268b0]
Event: 1330.510 Thread 0x0000000013bb7800 9326       3       org.osgi.util.tracker.ServiceTracker$Tracked::customizerRemoved (15 bytes)
Event: 1330.510 Thread 0x0000000013bb7800 nmethod 9326 0x0000000003c6e510 code [0x0000000003c6e680, 0x0000000003c6e8a8]
Event: 1330.566 Thread 0x0000000013bb0800 nmethod 9319 0x0000000003ebead0 code [0x0000000003ebee60, 0x0000000003ec16b8]
Event: 1330.574 Thread 0x0000000013bb7800 9334       3       java.io.File::list (33 bytes)
Event: 1330.574 Thread 0x0000000013bb7800 nmethod 9334 0x0000000003ebded0 code [0x0000000003ebe0a0, 0x0000000003ebe7c8]
Event: 1330.593 Thread 0x0000000013bb7800 9335   !   3       org.eclipse.osgi.internal.baseadaptor.BaseStorage::compact (215 bytes)
Event: 1330.595 Thread 0x0000000013bb7800 nmethod 9335 0x0000000003f61690 code [0x0000000003f61ac0, 0x0000000003f63f28]
Event: 1330.627 Thread 0x0000000013bb7800 9336       3       org.eclipse.osgi.framework.internal.core.AbstractBundle::close (52 bytes)
Event: 1330.628 Thread 0x0000000013bb7800 nmethod 9336 0x0000000003834f50 code [0x0000000003835180, 0x0000000003835e68]

GC Heap History (10 events):
Event: 851.099 GC heap before
{Heap before GC invocations=43 (full 17):
 PSYoungGen      total 102912K, used 1979K [0x00000000f5580000, 0x00000000fc980000, 0x0000000100000000)
  eden space 89088K, 0% used [0x00000000f5580000,0x00000000f5580000,0x00000000fac80000)
  from space 13824K, 14% used [0x00000000fbc00000,0x00000000fbdeede0,0x00000000fc980000)
  to   space 14848K, 0% used [0x00000000fac80000,0x00000000fac80000,0x00000000fbb00000)
 ParOldGen       total 73216K, used 31547K [0x00000000e0000000, 0x00000000e4780000, 0x00000000f5580000)
  object space 73216K, 43% used [0x00000000e0000000,0x00000000e1ecec28,0x00000000e4780000)
 Metaspace       used 73600K, capacity 79172K, committed 79320K, reserved 1118208K
  class space    used 9158K, capacity 10946K, committed 10968K, reserved 1048576K
Event: 851.389 GC heap after
Heap after GC invocations=43 (full 17):
 PSYoungGen      total 102912K, used 0K [0x00000000f5580000, 0x00000000fc980000, 0x0000000100000000)
  eden space 89088K, 0% used [0x00000000f5580000,0x00000000f5580000,0x00000000fac80000)
  from space 13824K, 0% used [0x00000000fbc00000,0x00000000fbc00000,0x00000000fc980000)
  to   space 14848K, 0% used [0x00000000fac80000,0x00000000fac80000,0x00000000fbb00000)
 ParOldGen       total 73216K, used 33102K [0x00000000e0000000, 0x00000000e4780000, 0x00000000f5580000)
  object space 73216K, 45% used [0x00000000e0000000,0x00000000e2053b60,0x00000000e4780000)
 Metaspace       used 73600K, capacity 79172K, committed 79320K, reserved 1118208K
  class space    used 9158K, capacity 10946K, committed 10968K, reserved 1048576K
}
Event: 1258.532 GC heap before
{Heap before GC invocations=44 (full 17):
 PSYoungGen      total 102912K, used 57550K [0x00000000f5580000, 0x00000000fc980000, 0x0000000100000000)
  eden space 89088K, 64% used [0x00000000f5580000,0x00000000f8db3898,0x00000000fac80000)
  from space 13824K, 0% used [0x00000000fbc00000,0x00000000fbc00000,0x00000000fc980000)
  to   space 14848K, 0% used [0x00000000fac80000,0x00000000fac80000,0x00000000fbb00000)
 ParOldGen       total 73216K, used 33102K [0x00000000e0000000, 0x00000000e4780000, 0x00000000f5580000)
  object space 73216K, 45% used [0x00000000e0000000,0x00000000e2053b60,0x00000000e4780000)
 Metaspace       used 74021K, capacity 79894K, committed 80088K, reserved 1118208K
  class space    used 9160K, capacity 10949K, committed 10968K, reserved 1048576K
Event: 1258.541 GC heap after
Heap after GC invocations=44 (full 17):
 PSYoungGen      total 91136K, used 1620K [0x00000000f5580000, 0x00000000fc780000, 0x0000000100000000)
  eden space 89088K, 0% used [0x00000000f5580000,0x00000000f5580000,0x00000000fac80000)
  from space 2048K, 79% used [0x00000000fac80000,0x00000000fae152b8,0x00000000fae80000)
  to   space 13824K, 0% used [0x00000000fba00000,0x00000000fba00000,0x00000000fc780000)
 ParOldGen       total 73216K, used 33110K [0x00000000e0000000, 0x00000000e4780000, 0x00000000f5580000)
  object space 73216K, 45% used [0x00000000e0000000,0x00000000e2055b60,0x00000000e4780000)
 Metaspace       used 74021K, capacity 79894K, committed 80088K, reserved 1118208K
  class space    used 9160K, capacity 10949K, committed 10968K, reserved 1048576K
}
Event: 1258.541 GC heap before
{Heap before GC invocations=45 (full 18):
 PSYoungGen      total 91136K, used 1620K [0x00000000f5580000, 0x00000000fc780000, 0x0000000100000000)
  eden space 89088K, 0% used [0x00000000f5580000,0x00000000f5580000,0x00000000fac80000)
  from space 2048K, 79% used [0x00000000fac80000,0x00000000fae152b8,0x00000000fae80000)
  to   space 13824K, 0% used [0x00000000fba00000,0x00000000fba00000,0x00000000fc780000)
 ParOldGen       total 73216K, used 33110K [0x00000000e0000000, 0x00000000e4780000, 0x00000000f5580000)
  object space 73216K, 45% used [0x00000000e0000000,0x00000000e2055b60,0x00000000e4780000)
 Metaspace       used 74021K, capacity 79894K, committed 80088K, reserved 1118208K
  class space    used 9160K, capacity 10949K, committed 10968K, reserved 1048576K
Event: 1258.780 GC heap after
Heap after GC invocations=45 (full 18):
 PSYoungGen      total 91136K, used 0K [0x00000000f5580000, 0x00000000fc780000, 0x0000000100000000)
  eden space 89088K, 0% used [0x00000000f5580000,0x00000000f5580000,0x00000000fac80000)
  from space 2048K, 0% used [0x00000000fac80000,0x00000000fac80000,0x00000000fae80000)
  to   space 13824K, 0% used [0x00000000fba00000,0x00000000fba00000,0x00000000fc780000)
 ParOldGen       total 73216K, used 33691K [0x00000000e0000000, 0x00000000e4780000, 0x00000000f5580000)
  object space 73216K, 46% used [0x00000000e0000000,0x00000000e20e6fe0,0x00000000e4780000)
 Metaspace       used 74021K, capacity 79894K, committed 80088K, reserved 1118208K
  class space    used 9160K, capacity 10949K, committed 10968K, reserved 1048576K
}
Event: 1318.537 GC heap before
{Heap before GC invocations=46 (full 18):
 PSYoungGen      total 91136K, used 21033K [0x00000000f5580000, 0x00000000fc780000, 0x0000000100000000)
  eden space 89088K, 23% used [0x00000000f5580000,0x00000000f6a0a708,0x00000000fac80000)
  from space 2048K, 0% used [0x00000000fac80000,0x00000000fac80000,0x00000000fae80000)
  to   space 13824K, 0% used [0x00000000fba00000,0x00000000fba00000,0x00000000fc780000)
 ParOldGen       total 73216K, used 33691K [0x00000000e0000000, 0x00000000e4780000, 0x00000000f5580000)
  object space 73216K, 46% used [0x00000000e0000000,0x00000000e20e6fe0,0x00000000e4780000)
 Metaspace       used 74470K, capacity 80406K, committed 80728K, reserved 1118208K
  class space    used 9199K, capacity 11013K, committed 11096K, reserved 1048576K
Event: 1318.544 GC heap after
Heap after GC invocations=46 (full 18):
 PSYoungGen      total 100864K, used 1336K [0x00000000f5580000, 0x00000000fc580000, 0x0000000100000000)
  eden space 89088K, 0% used [0x00000000f5580000,0x00000000f5580000,0x00000000fac80000)
  from space 11776K, 11% used [0x00000000fba00000,0x00000000fbb4e288,0x00000000fc580000)
  to   space 12800K, 0% used [0x00000000fac80000,0x00000000fac80000,0x00000000fb900000)
 ParOldGen       total 73216K, used 33699K [0x00000000e0000000, 0x00000000e4780000, 0x00000000f5580000)
  object space 73216K, 46% used [0x00000000e0000000,0x00000000e20e8fe0,0x00000000e4780000)
 Metaspace       used 74470K, capacity 80406K, committed 80728K, reserved 1118208K
  class space    used 9199K, capacity 11013K, committed 11096K, reserved 1048576K
}
Event: 1318.544 GC heap before
{Heap before GC invocations=47 (full 19):
 PSYoungGen      total 100864K, used 1336K [0x00000000f5580000, 0x00000000fc580000, 0x0000000100000000)
  eden space 89088K, 0% used [0x00000000f5580000,0x00000000f5580000,0x00000000fac80000)
  from space 11776K, 11% used [0x00000000fba00000,0x00000000fbb4e288,0x00000000fc580000)
  to   space 12800K, 0% used [0x00000000fac80000,0x00000000fac80000,0x00000000fb900000)
 ParOldGen       total 73216K, used 33699K [0x00000000e0000000, 0x00000000e4780000, 0x00000000f5580000)
  object space 73216K, 46% used [0x00000000e0000000,0x00000000e20e8fe0,0x00000000e4780000)
 Metaspace       used 74470K, capacity 80406K, committed 80728K, reserved 1118208K
  class space    used 9199K, capacity 11013K, committed 11096K, reserved 1048576K
Event: 1318.830 GC heap after
Heap after GC invocations=47 (full 19):
 PSYoungGen      total 100864K, used 0K [0x00000000f5580000, 0x00000000fc580000, 0x0000000100000000)
  eden space 89088K, 0% used [0x00000000f5580000,0x00000000f5580000,0x00000000fac80000)
  from space 11776K, 0% used [0x00000000fba00000,0x00000000fba00000,0x00000000fc580000)
  to   space 12800K, 0% used [0x00000000fac80000,0x00000000fac80000,0x00000000fb900000)
 ParOldGen       total 73216K, used 33771K [0x00000000e0000000, 0x00000000e4780000, 0x00000000f5580000)
  object space 73216K, 46% used [0x00000000e0000000,0x00000000e20fad28,0x00000000e4780000)
 Metaspace       used 74470K, capacity 80406K, committed 80728K, reserved 1118208K
  class space    used 9199K, capacity 11013K, committed 11096K, reserved 1048576K
}

Deoptimization events (10 events):
Event: 1329.568 Thread 0x000000000057e000 Uncommon trap: reason=unreached action=reinterpret pc=0x00000000036e3798 method=org.eclipse.swt.widgets.Display.drawMenuBars()V @ 4
Event: 1329.637 Thread 0x000000001b0f8000 Uncommon trap: reason=bimorphic action=maybe_recompile pc=0x00000000032b3f40 method=java.util.Properties.load0(Ljava/util/Properties$LineReader;)V @ 242
Event: 1329.637 Thread 0x000000001b0f8000 Uncommon trap: reason=bimorphic action=maybe_recompile pc=0x00000000032acaa8 method=java.util.Properties.load0(Ljava/util/Properties$LineReader;)V @ 242
Event: 1329.680 Thread 0x000000000057e000 Uncommon trap: reason=class_check action=maybe_recompile pc=0x00000000041b7a14 method=org.eclipse.swt.widgets.TypedListener.handleEvent(Lorg/eclipse/swt/widgets/Event;)V @ 275
Event: 1329.680 Thread 0x000000000057e000 Uncommon trap: reason=unreached action=reinterpret pc=0x0000000002b6b71c method=org.eclipse.e4.ui.internal.workbench.swt.PartRenderingEngine.someAreVisible(Ljava/util/List;)Z @ 41
Event: 1329.726 Thread 0x000000000057e000 Uncommon trap: reason=bimorphic action=maybe_recompile pc=0x00000000042304bc method=org.eclipse.e4.core.internal.contexts.ContextObjectSupplier$ContextInjectionListener.update(Lorg/eclipse/e4/core/contexts/IEclipseContext;I[Ljava/lang/Object;)Z @ 189
Event: 1329.726 Thread 0x000000000057e000 Uncommon trap: reason=bimorphic action=maybe_recompile pc=0x00000000042304bc method=org.eclipse.e4.core.internal.contexts.ContextObjectSupplier$ContextInjectionListener.update(Lorg/eclipse/e4/core/contexts/IEclipseContext;I[Ljava/lang/Object;)Z @ 189
Event: 1329.726 Thread 0x000000000057e000 Uncommon trap: reason=bimorphic action=maybe_recompile pc=0x00000000042304bc method=org.eclipse.e4.core.internal.contexts.ContextObjectSupplier$ContextInjectionListener.update(Lorg/eclipse/e4/core/contexts/IEclipseContext;I[Ljava/lang/Object;)Z @ 189
Event: 1329.726 Thread 0x000000000057e000 Uncommon trap: reason=bimorphic action=maybe_recompile pc=0x00000000042304bc method=org.eclipse.e4.core.internal.contexts.ContextObjectSupplier$ContextInjectionListener.update(Lorg/eclipse/e4/core/contexts/IEclipseContext;I[Ljava/lang/Object;)Z @ 189
Event: 1330.381 Thread 0x000000000057e000 Uncommon trap: reason=null_check action=make_not_entrant pc=0x00000000031808fc method=org.eclipse.core.runtime.internal.adaptor.EclipseLazyStarter.shouldActivateFor(Ljava/lang/String;Lorg/eclipse/osgi/baseadaptor/BaseData;Lorg/eclipse/core/runtime/internal¡<ìEÆ”@

Internal exceptions (10 events):
Event: 1329.215 Thread 0x000000001b974800 Exception <a 'java/net/SocketException': Connection reset by peer: socket write error> (0x00000000f5b3afe0) thrown at [D:\re\workspace\8-2-build-windows-amd64-cygwin\jdk8u25\1677\hotspot\src\share\vm\prims\jni.cpp, line 742]
Event: 1329.216 Thread 0x000000001b96d800 Exception <a 'java/lang/InterruptedException'> (0x00000000f5b49710) thrown at [D:\re\workspace\8-2-build-windows-amd64-cygwin\jdk8u25\1677\hotspot\src\share\vm\runtime\objectMonitor.cpp, line 1682]
Event: 1329.216 Thread 0x000000001b0f8000 Exception <a 'java/net/SocketException': Socket closed> (0x00000000f5b93b40) thrown at [D:\re\workspace\8-2-build-windows-amd64-cygwin\jdk8u25\1677\hotspot\src\share\vm\prims\jni.cpp, line 742]
Event: 1329.328 Thread 0x000000000057e000 Implicit null exception at 0x0000000003963d09 to 0x0000000003964ae1
Event: 1329.798 Thread 0x000000001b0fa800 Exception <a 'java/lang/InterruptedException'> (0x00000000f6d293e8) thrown at [D:\re\workspace\8-2-build-windows-amd64-cygwin\jdk8u25\1677\hotspot\src\share\vm\runtime\objectMonitor.cpp, line 1682]
Event: 1330.381 Thread 0x000000000057e000 Implicit null exception at 0x000000000318008f to 0x00000000031808ed
Event: 1330.506 Thread 0x0000000015ce3800 Exception <a 'java/lang/InterruptedException': sleep interrupted> (0x00000000f704a8b0) thrown at [D:\re\workspace\8-2-build-windows-amd64-cygwin\jdk8u25\1677\hotspot\src\share\vm\prims\jvm.cpp, line 3141]
Event: 1330.507 Thread 0x000000001bbcb000 Exception <a 'java/lang/InterruptedException'> (0x00000000f70b9e28) thrown at [D:\re\workspace\8-2-build-windows-amd64-cygwin\jdk8u25\1677\hotspot\src\share\vm\runtime\objectMonitor.cpp, line 1682]
Event: 1330.507 Thread 0x000000001700e800 Exception <a 'java/lang/InterruptedException'> (0x00000000f70d6d88) thrown at [D:\re\workspace\8-2-build-windows-amd64-cygwin\jdk8u25\1677\hotspot\src\share\vm\runtime\objectMonitor.cpp, line 1682]
Event: 1330.627 Thread 0x0000000015ea0000 Exception <a 'java/lang/InterruptedException'> (0x00000000f704a418) thrown at [D:\re\workspace\8-2-build-windows-amd64-cygwin\jdk8u25\1677\hotspot\src\share\vm\runtime\objectMonitor.cpp, line 1682]

Events (10 events):
Event: 1330.628 loading class java/util/IdentityHashMap$KeyIterator done
Event: 1330.628 Thread 0x000000001b0f8000 Thread added: 0x000000001b0f8000
Event: 1330.628 Executing VM operation: RevokeBias
Event: 1330.628 Executing VM operation: RevokeBias done
Event: 1330.628 Executing VM operation: RevokeBias
Event: 1330.628 Executing VM operation: RevokeBias done
Event: 1330.628 Executing VM operation: RevokeBias
Event: 1330.628 Executing VM operation: RevokeBias done
Event: 1330.628 Thread 0x000000001b0f8000 Thread exited: 0x000000001b0f8000
Event: 1330.629 Executing VM operation: Exit


Dynamic libraries:
0x0000000000400000 - 0x000000000044f000 	C:\XilinxSOC\SDK\2015.2\eclipse\win64.o\eclipse.exe
0x00007fff8be00000 - 0x00007fff8bfd1000 	C:\WINDOWS\SYSTEM32\ntdll.dll
0x00007fff89b10000 - 0x00007fff89bbb000 	C:\WINDOWS\System32\KERNEL32.DLL
0x00007fff88e20000 - 0x00007fff8903d000 	C:\WINDOWS\System32\KERNELBASE.dll
0x00007fff8a0a0000 - 0x00007fff8a205000 	C:\WINDOWS\System32\USER32.dll
0x00007fff890e0000 - 0x00007fff890fe000 	C:\WINDOWS\System32\win32u.dll
0x00007fff89bf0000 - 0x00007fff89c24000 	C:\WINDOWS\System32\GDI32.dll
0x00007fff88ae0000 - 0x00007fff88c62000 	C:\WINDOWS\System32\gdi32full.dll
0x00007fff8b790000 - 0x00007fff8b82e000 	C:\WINDOWS\System32\msvcrt.dll
0x00007fff794c0000 - 0x00007fff7973a000 	C:\WINDOWS\WinSxS\amd64_microsoft.windows.common-controls_6595b64144ccf1df_6.0.14393.953_none_42151e83c686086b\COMCTL32.dll
0x00007fff897e0000 - 0x00007fff89aa8000 	C:\WINDOWS\System32\combase.dll
0x00007fff88d20000 - 0x00007fff88e15000 	C:\WINDOWS\System32\ucrtbase.dll
0x00007fff89f70000 - 0x00007fff8a091000 	C:\WINDOWS\System32\RPCRT4.dll
0x00007fff89100000 - 0x00007fff8916a000 	C:\WINDOWS\System32\bcryptPrimitives.dll
0x00007fff895e0000 - 0x00007fff8960e000 	C:\WINDOWS\System32\IMM32.DLL
0x0000000072000000 - 0x0000000072012000 	C:\XilinxSOC\SDK\2015.2\eclipse\win64.o\plugins\org.eclipse.equinox.launcher.win32.win32.x86_64_1.1.200.v20140116-2212\eclipse_1503.dll
0x00007fff89e50000 - 0x00007fff89ef2000 	C:\WINDOWS\System32\ADVAPI32.dll
0x00007fff89780000 - 0x00007fff897d9000 	C:\WINDOWS\System32\sechost.dll
0x00007fff7a2c0000 - 0x00007fff7a2ca000 	C:\WINDOWS\SYSTEM32\VERSION.dll
0x00007fff869e0000 - 0x00007fff86a75000 	C:\WINDOWS\system32\uxtheme.dll
0x00007fff89cf0000 - 0x00007fff89e4a000 	C:\WINDOWS\System32\MSCTF.dll
0x00007fff89c30000 - 0x00007fff89cef000 	C:\WINDOWS\System32\OLEAUT32.dll
0x00007fff89040000 - 0x00007fff890dc000 	C:\WINDOWS\System32\msvcp_win.dll
0x00007fff829f0000 - 0x00007fff82a88000 	C:\Program Files\Common Files\microsoft shared\ink\tiptsf.dll
0x000000005fb20000 - 0x000000006037a000 	C:\XilinxSOC\SDK\2015.2\tps\win64\jre\bin\server\jvm.dll
0x00007fff89610000 - 0x00007fff89618000 	C:\WINDOWS\System32\PSAPI.DLL
0x00007fff86090000 - 0x00007fff860b3000 	C:\WINDOWS\SYSTEM32\WINMM.dll
0x00007fff74c00000 - 0x00007fff74c09000 	C:\WINDOWS\SYSTEM32\WSOCK32.dll
0x00007fff89570000 - 0x00007fff895da000 	C:\WINDOWS\System32\WS2_32.dll
0x000000005f910000 - 0x000000005f9e2000 	C:\XilinxSOC\SDK\2015.2\tps\win64\jre\bin\MSVCR100.dll
0x00007fff86030000 - 0x00007fff8605b000 	C:\WINDOWS\SYSTEM32\WINMMBASE.dll
0x00007fff89170000 - 0x00007fff891b2000 	C:\WINDOWS\System32\cfgmgr32.dll
0x000000005f900000 - 0x000000005f90f000 	C:\XilinxSOC\SDK\2015.2\tps\win64\jre\bin\verify.dll
0x000000005f8d0000 - 0x000000005f8f8000 	C:\XilinxSOC\SDK\2015.2\tps\win64\jre\bin\java.dll
0x000000005f8b0000 - 0x000000005f8c6000 	C:\XilinxSOC\SDK\2015.2\tps\win64\jre\bin\zip.dll
0x00007fff8a210000 - 0x00007fff8b718000 	C:\WINDOWS\System32\SHELL32.dll
0x00007fff88400000 - 0x00007fff88ada000 	C:\WINDOWS\System32\windows.storage.dll
0x00007fff88280000 - 0x00007fff882cc000 	C:\WINDOWS\System32\powrprof.dll
0x00007fff89f10000 - 0x00007fff89f62000 	C:\WINDOWS\System32\shlwapi.dll
0x00007fff882d0000 - 0x00007fff882df000 	C:\WINDOWS\System32\kernel.appcore.dll
0x00007fff88350000 - 0x00007fff883f9000 	C:\WINDOWS\System32\shcore.dll
0x00007fff88260000 - 0x00007fff88274000 	C:\WINDOWS\System32\profapi.dll
0x00007fff87cd0000 - 0x00007fff87ce7000 	C:\WINDOWS\SYSTEM32\CRYPTSP.dll
0x00007fff87730000 - 0x00007fff87763000 	C:\WINDOWS\system32\rsaenh.dll
0x00007fff881a0000 - 0x00007fff881cb000 	C:\WINDOWS\SYSTEM32\bcrypt.dll
0x00007fff879b0000 - 0x00007fff879cf000 	C:\WINDOWS\SYSTEM32\USERENV.dll
0x00007fff87cf0000 - 0x00007fff87cfb000 	C:\WINDOWS\SYSTEM32\CRYPTBASE.dll
0x000000005f890000 - 0x000000005f8aa000 	C:\XilinxSOC\SDK\2015.2\tps\win64\jre\bin\net.dll
0x00007fff87b30000 - 0x00007fff87b8c000 	C:\WINDOWS\system32\mswsock.dll
0x00007fff878b0000 - 0x00007fff878e8000 	C:\WINDOWS\SYSTEM32\IPHLPAPI.DLL
0x00007fff89f00000 - 0x00007fff89f08000 	C:\WINDOWS\System32\NSI.dll
0x00007fff80bf0000 - 0x00007fff80c06000 	C:\WINDOWS\SYSTEM32\dhcpcsvc6.DLL
0x00007fff81020000 - 0x00007fff8103a000 	C:\WINDOWS\SYSTEM32\dhcpcsvc.DLL
0x000000005f870000 - 0x000000005f881000 	C:\XilinxSOC\SDK\2015.2\tps\win64\jre\bin\nio.dll
0x00007fff894d0000 - 0x00007fff8956f000 	C:\WINDOWS\System32\clbcatq.dll
0x00007fff7c5c0000 - 0x00007fff7c76a000 	C:\Windows\System32\uiautomationcore.dll
0x00007fff880a0000 - 0x00007fff88138000 	C:\WINDOWS\SYSTEM32\sxs.dll
0x00007fff7dca0000 - 0x00007fff7dd05000 	C:\Windows\System32\OLEACC.dll
0x00007fff62ed0000 - 0x00007fff62ee6000 	C:\WINDOWS\system32\napinsp.dll
0x00007fff62ef0000 - 0x00007fff62f0a000 	C:\WINDOWS\system32\pnrpnsp.dll
0x00007fff85e20000 - 0x00007fff85e38000 	C:\WINDOWS\system32\NLAapi.dll
0x00007fff878f0000 - 0x00007fff87991000 	C:\WINDOWS\SYSTEM32\DNSAPI.dll
0x00007fff63740000 - 0x00007fff6374e000 	C:\WINDOWS\System32\winrnr.dll
0x00007fff64c70000 - 0x00007fff64c85000 	C:\WINDOWS\System32\wshbth.dll
0x00007fff798c0000 - 0x00007fff798ca000 	C:\Windows\System32\rasadhlp.dll
0x00007fff80590000 - 0x00007fff805fa000 	C:\WINDOWS\System32\fwpuclnt.dll
0x00007fff89390000 - 0x00007fff894c7000 	C:\WINDOWS\System32\ole32.dll
0x00000000186d0000 - 0x0000000018778000 	C:\Users\Kunal Shahu\.Xilinx\SDK\2015.2\org.eclipse.osgi\bundles\287\1\.cp\swt-win32-4335.dll
0x00007fff89620000 - 0x00007fff8971a000 	C:\WINDOWS\System32\comdlg32.dll
0x00007fff891c0000 - 0x00007fff89389000 	C:\WINDOWS\System32\CRYPT32.dll
0x00007fff7dd10000 - 0x00007fff7dd96000 	C:\WINDOWS\SYSTEM32\WINSPOOL.DRV
0x00007fff882e0000 - 0x00007fff882f0000 	C:\WINDOWS\System32\MSASN1.dll
0x00007fff6a770000 - 0x00007fff6a789000 	C:\WINDOWS\SYSTEM32\USP10.dll
0x00007fff79000000 - 0x00007fff792ca000 	C:\WINDOWS\SYSTEM32\WININET.dll
0x00007fff85e40000 - 0x00007fff85e66000 	C:\WINDOWS\system32\dwmapi.dll
0x00007fff85ae0000 - 0x00007fff85c65000 	C:\WINDOWS\SYSTEM32\propsys.dll
0x00000000188d0000 - 0x00000000188ee000 	C:\Users\Kunal Shahu\.Xilinx\SDK\2015.2\org.eclipse.osgi\bundles\287\1\.cp\swt-gdip-win32-4335.dll
0x00007fff7db00000 - 0x00007fff7dc9a000 	C:\WINDOWS\WinSxS\amd64_microsoft.windows.gdiplus_6595b64144ccf1df_1.1.14393.953_none_7300116921188239\gdiplus.dll
0x00007fff85920000 - 0x00007fff85ac8000 	C:\WINDOWS\SYSTEM32\WindowsCodecs.dll
0x0000000180000000 - 0x0000000180012000 	C:\Users\Kunal Shahu\.Xilinx\SDK\2015.2\org.eclipse.osgi\bundles\113\1\.cp\os\win32\x86_64\localfile_1_0_0.dll
0x00007fff7f0a0000 - 0x00007fff7f0b1000 	C:\Users\Kunal Shahu\.Xilinx\SDK\2015.2\org.eclipse.osgi\bundles\116\1\.cp\jWinHttp-1.0.0.dll
0x00007fff7a7b0000 - 0x00007fff7a87d000 	C:\WINDOWS\SYSTEM32\WINHTTP.dll
0x00007fff86cb0000 - 0x00007fff86dcc000 	C:\WINDOWS\system32\twinapi.appcore.dll
0x00007fff835a0000 - 0x00007fff8361d000 	C:\WINDOWS\SYSTEM32\twinapi.dll
0x00007fff7e660000 - 0x00007fff7e670000 	C:\XilinxSOC\SDK\2015.2\lib\win64.o\librdi_repo_manager.dll
0x00007fff7e670000 - 0x00007fff7e69a000 	C:\XilinxSOC\SDK\2015.2\lib\win64.o\libisl_sysinfo.dll
0x00007fff58250000 - 0x00007fff58b93000 	C:\XilinxSOC\SDK\2015.2\lib\win64.o\librdi_common.dll
0x00007fff5bee0000 - 0x00007fff5bf34000 	C:\XilinxSOC\SDK\2015.2\lib\win64.o\librdi_commonxillic.dll
0x00007fff59160000 - 0x00007fff59348000 	C:\XilinxSOC\SDK\2015.2\lib\win64.o\librdi_hsm.dll
0x00007fff7eef0000 - 0x00007fff7ef97000 	C:\WINDOWS\SYSTEM32\MSVCP110.dll
0x00007fff7e8b0000 - 0x00007fff7e984000 	C:\WINDOWS\SYSTEM32\MSVCR110.dll
0x00007fff5c160000 - 0x00007fff5c408000 	C:\XilinxSOC\SDK\2015.2\lib\win64.o\libCOIN-all.dll
0x00007fff5bf40000 - 0x00007fff5c160000 	C:\XilinxSOC\SDK\2015.2\lib\win64.o\libXil_lmgr11.dll
0x00007fff882f0000 - 0x00007fff88345000 	C:\WINDOWS\System32\WINTRUST.dll
0x00007fff7f000000 - 0x00007fff7f022000 	C:\XilinxSOC\SDK\2015.2\lib\win64.o\libboost_filesystem.dll
0x00007fff7e560000 - 0x00007fff7e5d4000 	C:\XilinxSOC\SDK\2015.2\lib\win64.o\libboost_program_options.dll
0x00007fff5af60000 - 0x00007fff5b05a000 	C:\XilinxSOC\SDK\2015.2\lib\win64.o\libboost_regex.dll
0x00007fff7efe0000 - 0x00007fff7eff3000 	C:\XilinxSOC\SDK\2015.2\lib\win64.o\libboost_signals.dll
0x00007fff7e7b0000 - 0x00007fff7e7b9000 	C:\XilinxSOC\SDK\2015.2\lib\win64.o\libboost_system.dll
0x00007fff7e7c0000 - 0x00007fff7e7dd000 	C:\XilinxSOC\SDK\2015.2\lib\win64.o\libboost_thread.dll
0x00007fff7ad60000 - 0x00007fff7ade0000 	C:\XilinxSOC\SDK\2015.2\lib\win64.o\libhdlpsolve.dll
0x00007fff57c40000 - 0x00007fff5824a200 	C:\XilinxSOC\SDK\2015.2\lib\win64.o\libisl_iostreams.dll
0x00007fff5aec0000 - 0x00007fff5af5a000 	C:\XilinxSOC\SDK\2015.2\lib\win64.o\libhdxml.dll
0x00007fff7e6a0000 - 0x00007fff7e6c3000 	C:\XilinxSOC\SDK\2015.2\lib\win64.o\libisl_iosutils.dll
0x00007fff7f040000 - 0x00007fff7f055000 	C:\XilinxSOC\SDK\2015.2\lib\win64.o\pthreadVC2.dll
0x00007fff5ad90000 - 0x00007fff5aec0000 	C:\XilinxSOC\SDK\2015.2\lib\win64.o\librdi_curl.dll
0x00007fff7e540000 - 0x00007fff7e558000 	C:\XilinxSOC\SDK\2015.2\lib\win64.o\librdiconfig.dll
0x00007fff716e0000 - 0x00007fff71703000 	C:\XilinxSOC\SDK\2015.2\lib\win64.o\librdizlib.dll
0x000000005f9f0000 - 0x000000005fb17000 	C:\XilinxSOC\SDK\2015.2\lib\win64.o\tcl85t.dll
0x00007fff44ee0000 - 0x00007fff44f03000 	C:\WINDOWS\SYSTEM32\VCOMP110.DLL
0x0000000022e20000 - 0x0000000023083000 	C:\XilinxSOC\SDK\2015.2\lib\win64.o\xerces-c_3_1.dll
0x00007fff596d0000 - 0x00007fff59713000 	C:\XilinxSOC\SDK\2015.2\lib\win64.o\librdi_hdf.dll
0x00007fff57670000 - 0x00007fff5782a000 	C:\XilinxSOC\SDK\2015.2\lib\win64.o\librdi_ippcw.dll
0x00007fff75610000 - 0x00007fff75628000 	C:\WINDOWS\SYSTEM32\NETAPI32.dll
0x00007fff7e7a0000 - 0x00007fff7e7ab000 	C:\XilinxSOC\SDK\2015.2\lib\win64.o\libboost_chrono.dll
0x00007fff7f030000 - 0x00007fff7f040000 	C:\XilinxSOC\SDK\2015.2\lib\win64.o\libboost_date_time.dll
0x00007fff62f40000 - 0x00007fff62f56000 	C:\XilinxSOC\SDK\2015.2\lib\win64.o\libboost_iostreams.dll
0x00007fff776f0000 - 0x00007fff778b3000 	C:\WINDOWS\SYSTEM32\urlmon.dll
0x00007fff7aab0000 - 0x00007fff7ad54000 	C:\WINDOWS\SYSTEM32\iertutil.dll
0x00007fff7dda0000 - 0x00007fff7dda7000 	C:\WINDOWS\SYSTEM32\msimg32.dll
0x00007fff5bec0000 - 0x00007fff5bedc000 	C:\XilinxSOC\SDK\2015.2\lib\win64.o\librdi_hw_platform.dll
0x00007fff66790000 - 0x00007fff667d2000 	C:\WINDOWS\SYSTEM32\edputil.dll
0x00007fff57830000 - 0x00007fff57c3a000 	C:\XilinxSOC\SDK\2015.2\lib\win64.o\librdi_commontasks.dll
0x00007fff26cf0000 - 0x00007fff27500000 	C:\XilinxSOC\SDK\2015.2\lib\win64.o\libXil_lmgr11FNP.dll
0x00007fff8b830000 - 0x00007fff8bc59000 	C:\WINDOWS\System32\SETUPAPI.dll
0x00007fff829c0000 - 0x00007fff829cc000 	C:\WINDOWS\SYSTEM32\snmpapi.dll
0x00007fff87ed0000 - 0x00007fff87efc000 	C:\WINDOWS\SYSTEM32\SspiCli.dll
0x00007fff86f00000 - 0x00007fff86f28000 	C:\WINDOWS\SYSTEM32\DEVOBJ.dll

VM Arguments:
jvm_args: -Dcom.xilinx.sdk.args.hwspec=C:/Zynq_Book/project_stepper_DIP/project_stepper_DIP.sdk/design_project_DIP_wrapper.hdf -Xms64m -Xmx512m & 
java_command: <unknown>
java_class_path (initial): C:\XilinxSOC\SDK\2015.2\eclipse\win64.o\\plugins/org.eclipse.equinox.launcher_1.3.0.v20130327-1440.jar
Launcher Type: generic

Environment Variables:
PATH=C:/XilinxSOC/SDK/2015.2/tps/win64/jre/bin/server;C:/XilinxSOC/SDK/2015.2/tps/win64/jre/bin;C:/XilinxSOC/SDK/2015.2/tps/win64/jre/lib/amd64;C:\XilinxSOC\SDK\2015.2\gnuwin\bin;C:\XilinxSOC\SDK\2015.2\gnu\microblaze\nt\bin;C:\XilinxSOC\SDK\2015.2\gnu\microblaze\linux_toolchain\nt64_le\bin;C:\XilinxSOC\SDK\2015.2\gnu\microblaze\linux_toolchain\nt64_be\bin;C:\XilinxSOC\SDK\2015.2\gnu\arm\nt\bin;C:\XilinxSOC\SDK\2015.2\gnu\aarch64\nt\aarch64-none\bin;C:\XilinxSOC\SDK\2015.2\gnu\aarch64\nt\aarch64-linux\bin;C:\XilinxSOC\SDK\2015.2\gnu\armr5\nt\gcc-arm-none-eabi\bin;C:\XilinxSOC\SDK\2015.2\gnu\aarch32\nt\gcc-arm-none-eabi\bin;C:\XilinxSOC\SDK\2015.2\gnu\aarch32\nt\gcc-arm-linux-gnueabi\bin;C:\XilinxSOC\SDK\2015.2\bin;C:\XilinxSOC\SDK\2015.2\lib\win64.o;C:\XilinxSOC\SDK\2015.2\tps\win64\jre\bin\server;C:\XilinxSOC\SDK\2015.2\tps\win64\jre\bin;C:\XilinxSOC\SDK\2015.2\bin;C:\XilinxSOC\SDK\2015.2\bin;C:\XilinxSOC\Vivado\2015.2\ids_lite\ISE\bin\nt64;C:\XilinxSOC\Vivado\2015.2\ids_lite\ISE\lib\nt64;C:\XilinxSOC\Vivado\2015.2\bin;C:\XilinxSOC\Vivado\2015.2\lib\win64.o;C:\XilinxSOC\Vivado\2015.2\tps\win64\jre\bin\server;C:\XilinxSOC\Vivado\2015.2\tps\win64\jre\bin;C:\XilinxSOC\SDK\2015.2\bin;C:\XilinxSOC\Vivado\2015.2\ids_lite\ISE\bin\nt64;C:\XilinxSOC\Vivado\2015.2\ids_lite\ISE\lib\nt64;C:\XilinxSOC\Vivado_HLS\2015.2\bin;C:\WINDOWS\system32;C:\WINDOWS;C:\WINDOWS\System32\Wbem;C:\WINDOWS\System32\WindowsPowerShell\v1.0\;C:\Program Files (x86)\Skype\Phone\;C:\Program Files\Intel\WiFi\bin\;C:\Program Files\Common Files\Intel\WirelessCommon\;C:\Users\Kunal Shahu\AppData\Local\Microsoft\WindowsApps;;C:\Zynq_Book\project_stepper_DIP;
USERNAME=Kunal Shahu
OS=Windows_NT
PROCESSOR_IDENTIFIER=Intel64 Family 6 Model 78 Stepping 3, GenuineIntel



---------------  S Y S T E M  ---------------

OS: Windows 8 , 64 bit Build 9200 

CPU:total 4 (2 cores per cpu, 2 threads per core) family 6 model 78 stepping 3, cmov, cx8, fxsr, mmx, sse, sse2, sse3, ssse3, sse4.1, sse4.2, popcnt, avx, avx2, aes, clmul, erms, lzcnt, ht, tsc, tscinvbit, bmi1, bmi2

Memory: 4k page, physical 8238856k(5001392k free), swap 9549576k(6010144k free)

vm_info: Java HotSpot(TM) 64-Bit Server VM (25.25-b02) for windows-amd64 JRE (1.8.0_25-b18), built on Oct  7 2014 14:25:37 by "java_re" with MS VC++ 10.0 (VS2010)

time: Mon May 08 16:47:46 2017
elapsed time: 1331 seconds (0d 0h 22m 11s)

