#
# A fatal error has been detected by the Java Runtime Environment:
#
#  Internal Error (0xc000000d), pid=13096, tid=13128
#
# JRE version: Java(TM) SE Runtime Environment (8.0_25-b18) (build 1.8.0_25-b18)
# Java VM: Java HotSpot(TM) 64-Bit Server VM (25.25-b02 mixed mode windows-amd64 compressed oops)
# Problematic frame:
# C  [ntdll.dll+0xff44c]
#
# Failed to write core dump. Minidumps are not enabled by default on client versions of Windows
#
# If you would like to submit a bug report, please visit:
#   http://bugreport.sun.com/bugreport/crash.jsp
#

---------------  T H R E A D  ---------------

Current thread (0x0000000013b36000):  VMThread [stack: 0x0000000014bc0000,0x0000000014cc0000] [id=13128]

siginfo: ExceptionCode=0xc000000d

Registers:
RAX=0x000000001f068e80, RBX=0xfffffffffffffffe, RCX=0x000000001f068ee0, RDX=0x000000001f068f40
RSP=0x0000000014cbf270, RBP=0x00007ff8dd837408, RSI=0x0000000000000000, RDI=0x0000000000000150
R8 =0x000000001f0693a0, R9 =0x000000000014f7b0, R10=0x00007ff8eb0b7c1f, R11=0x000000001f069480
R12=0x000000002569b750, R13=0x0000000023367e30, R14=0x000000002569b858, R15=0x0000000014cbf3e8
RIP=0x00007ff8eb1af44c, EFLAGS=0x0000000000000206

Top of Stack: (sp=0x0000000014cbf270)
0x0000000014cbf270:   0000000000000057 fffffffffffffffe
0x0000000014cbf280:   0000000000000000 0000000000000150
0x0000000014cbf290:   00000000c000000d 0000000000000000
0x0000000014cbf2a0:   00007ff8eb1af44c 0000000000000000
0x0000000014cbf2b0:   0000000000000000 0000000000000000
0x0000000014cbf2c0:   0000000000000000 0000000000000000
0x0000000014cbf2d0:   0000000000000000 0000000000000000
0x0000000014cbf2e0:   0000000000000000 0000000000000000
0x0000000014cbf2f0:   0000000000000000 0000000000000000
0x0000000014cbf300:   0000000000000000 0000000000000000
0x0000000014cbf310:   0000000000000000 0000000000000000
0x0000000014cbf320:   0000000000000000 0000000000000000
0x0000000014cbf330:   0000932034919bac 0000000000000000
0x0000000014cbf340:   0000000000000000 00007ff8eb17150d
0x0000000014cbf350:   0000000000000000 0000000000000000
0x0000000014cbf360:   0000000000000000 0000000000000000 

Instructions: (pc=0x00007ff8eb1af44c)
0x00007ff8eb1af42c:   d5 fa ff c7 44 24 20 0d 00 00 c0 b9 57 00 00 00
0x00007ff8eb1af43c:   e8 7f 13 f6 ff 90 48 8d 4c 24 20 e8 04 bf f4 ff
0x00007ff8eb1af44c:   eb 00 48 8b 8c 24 c0 00 00 00 48 33 cc e8 82 74
0x00007ff8eb1af45c:   f9 ff 48 81 c4 d8 00 00 00 c3 40 55 48 83 ec 20 


Register to memory mapping:

RAX=0x000000001f068e80 is an unknown value
RBX=0xfffffffffffffffe is an unknown value
RCX=0x000000001f068ee0 is an unknown value
RDX=0x000000001f068f40 is an unknown value
RSP=0x0000000014cbf270 is an unknown value
RBP=0x00007ff8dd837408 is an unknown value
RSI=0x0000000000000000 is an unknown value
RDI=0x0000000000000150 is an unknown value
R8 =0x000000001f0693a0 is an unknown value
R9 =0x000000000014f7b0 is pointing into the stack for thread: 0x00000000027fe000
R10=0x00007ff8eb0b7c1f is an unknown value
R11=0x000000001f069480 is an unknown value
R12=0x000000002569b750 is an unknown value
R13=0x0000000023367e30 is an unknown value
R14=0x000000002569b858 is an unknown value
R15=0x0000000014cbf3e8 is an unknown value


Stack: [0x0000000014bc0000,0x0000000014cc0000],  sp=0x0000000014cbf270,  free space=1020k
Native frames: (J=compiled Java code, j=interpreted, Vv=VM code, C=native code)
C  [ntdll.dll+0xff44c]
C  [ntdll.dll+0xc150d]
C  [KERNEL32.DLL+0x1fbba]
C  [MSVCR110.dll+0x752d]
C  [MSVCR110.dll+0x14cde]
C  [MSVCR110.dll+0x13edc]
C  [MSVCR110.dll+0x239e]
C  [MSVCR110.dll+0xaf9e]
C  [MSVCP110.dll+0x397b9]
C  [librdi_common.dll+0x135d02]
C  [librdi_common.dll+0x13447b]
C  0x00007ff8c9a92400
C  0x00007ff8c9a92682
C  [ntdll.dll+0x2a35f]
C  [ntdll.dll+0x806b]
C  [ntdll.dll+0x7d94]
C  [KERNEL32.DLL+0x1ce6a]
C  [MSVCR100.dll+0x20ccd]
V  [jvm.dll+0x1f9c55]
V  [jvm.dll+0x2325e7]
V  [jvm.dll+0x231826]
V  [jvm.dll+0x231cc1]
V  [jvm.dll+0x231ede]
V  [jvm.dll+0x2852fa]
C  [MSVCR100.dll+0x21d9f]
C  [MSVCR100.dll+0x21e3b]
C  [KERNEL32.DLL+0x8364]
C  [ntdll.dll+0x670d1]

VM_Operation (0x000000000014f500): Exit, mode: safepoint, requested by thread 0x00000000027fe000


---------------  P R O C E S S  ---------------

Java Threads: ( => current thread )
  0x00000000178f0000 JavaThread "Thread-26" daemon [_thread_blocked, id=11796, stack(0x000000002b5b0000,0x000000002b6b0000)]
  0x000000001a202000 JavaThread "TCF Locator DNS Lookup" daemon [_thread_blocked, id=6544, stack(0x0000000020440000,0x0000000020540000)]
  0x000000001a1fd800 JavaThread "TCF Locator Timer" daemon [_thread_blocked, id=8572, stack(0x0000000020340000,0x0000000020440000)]
  0x000000001a201000 JavaThread "TCF Locator Receiver" daemon [_thread_blocked, id=9336, stack(0x0000000020240000,0x0000000020340000)]
  0x000000001a200800 JavaThread "TCF Timer Dispatcher" daemon [_thread_blocked, id=9288, stack(0x0000000020040000,0x0000000020140000)]
  0x0000000015e92800 JavaThread "EMF Reference Cleaner" daemon [_thread_blocked, id=10796, stack(0x0000000018a00000,0x0000000018b00000)]
  0x0000000013bce800 JavaThread "Service Thread" daemon [_thread_blocked, id=11548, stack(0x00000000157c0000,0x00000000158c0000)]
  0x0000000013b72800 JavaThread "C1 CompilerThread2" daemon [_thread_blocked, id=8832, stack(0x00000000152c0000,0x00000000153c0000)]
  0x0000000013b6f000 JavaThread "C2 CompilerThread1" daemon [_thread_blocked, id=5136, stack(0x00000000151c0000,0x00000000152c0000)]
  0x0000000013b6d000 JavaThread "C2 CompilerThread0" daemon [_thread_blocked, id=10160, stack(0x00000000150c0000,0x00000000151c0000)]
  0x0000000013b6b800 JavaThread "Attach Listener" daemon [_thread_blocked, id=8612, stack(0x0000000014fc0000,0x00000000150c0000)]
  0x0000000013b6a800 JavaThread "Signal Dispatcher" daemon [_thread_blocked, id=12688, stack(0x0000000014ec0000,0x0000000014fc0000)]
  0x00000000027c3800 JavaThread "Finalizer" daemon [_thread_blocked, id=8816, stack(0x0000000014dc0000,0x0000000014ec0000)]
  0x0000000013b37800 JavaThread "Reference Handler" daemon [_thread_blocked, id=7316, stack(0x0000000014cc0000,0x0000000014dc0000)]
  0x00000000027fe000 JavaThread "main" [_thread_blocked, id=1688, stack(0x0000000000050000,0x0000000000150000)]

Other Threads:
=>0x0000000013b36000 VMThread [stack: 0x0000000014bc0000,0x0000000014cc0000] [id=13128]

VM state:at safepoint (shutting down)

VM Mutex/Monitor currently owned by a thread:  ([mutex/lock_event])
[0x00000000027fd400] Threads_lock - owner thread: 0x0000000013b36000

Heap:
 PSYoungGen      total 92672K, used 26364K [0x00000000f5580000, 0x00000000fcc00000, 0x0000000100000000)
  eden space 91648K, 27% used [0x00000000f5580000,0x00000000f6e3f3d0,0x00000000faf00000)
  from space 1024K, 99% used [0x00000000faf00000,0x00000000fafffda0,0x00000000fb000000)
  to   space 2048K, 0% used [0x00000000fca00000,0x00000000fca00000,0x00000000fcc00000)
 ParOldGen       total 72704K, used 35279K [0x00000000e0000000, 0x00000000e4700000, 0x00000000f5580000)
  object space 72704K, 48% used [0x00000000e0000000,0x00000000e2273f18,0x00000000e4700000)
 Metaspace       used 79129K, capacity 84886K, committed 85208K, reserved 1122304K
  class space    used 9564K, capacity 11355K, committed 11480K, reserved 1048576K

Card table byte_map: [0x0000000011bc0000,0x0000000011cd0000] byte_map_base: 0x00000000114c0000

Marking Bits: (ParMarkBitMap*) 0x00000000615bd490
 Begin Bits: [0x00000000120d0000, 0x00000000128d0000)
 End Bits:   [0x00000000128d0000, 0x00000000130d0000)

Polling page: 0x00000000004d0000

CodeCache: size=245760Kb used=34338Kb max_used=34338Kb free=211421Kb
 bounds [0x0000000002800000, 0x00000000049d0000, 0x0000000011800000]
 total_blobs=10416 nmethods=9573 adapters=750
 compilation: enabled

Compilation events (10 events):
Event: 4891.117 Thread 0x0000000013b72800 11972   !   3       sun.nio.ch.NativeThreadSet::add (155 bytes)
Event: 4891.118 Thread 0x0000000013b72800 nmethod 11972 0x000000000480f110 code [0x000000000480f2a0, 0x000000000480f948]
Event: 4891.118 Thread 0x0000000013b72800 11973       3       sun.nio.ch.NativeThread::current (2 bytes)
Event: 4891.118 Thread 0x0000000013b72800 nmethod 11973 0x00000000030bb1d0 code [0x00000000030bb320, 0x00000000030bb450]
Event: 4891.151 Thread 0x0000000013b72800 11975       3       java.io.File::list (33 bytes)
Event: 4891.152 Thread 0x0000000013b72800 nmethod 11975 0x00000000037ecf90 code [0x00000000037ed160, 0x00000000037ed888]
Event: 4891.199 Thread 0x0000000013b72800 11976   !   3       org.eclipse.osgi.internal.baseadaptor.BaseStorage::compact (215 bytes)
Event: 4891.202 Thread 0x0000000013b72800 nmethod 11976 0x00000000049c8350 code [0x00000000049c8780, 0x00000000049cabe8]
Event: 4891.241 Thread 0x0000000013b72800 11977       3       org.eclipse.osgi.framework.internal.core.AbstractBundle::close (52 bytes)
Event: 4891.242 Thread 0x0000000013b72800 nmethod 11977 0x0000000003b1ba90 code [0x0000000003b1bcc0, 0x0000000003b1c9a8]

GC Heap History (10 events):
Event: 4698.227 GC heap before
{Heap before GC invocations=171 (full 81):
 PSYoungGen      total 92160K, used 160K [0x00000000f5580000, 0x00000000fb080000, 0x0000000100000000)
  eden space 91648K, 0% used [0x00000000f5580000,0x00000000f5580000,0x00000000faf00000)
  from space 512K, 31% used [0x00000000fb000000,0x00000000fb028000,0x00000000fb080000)
  to   space 512K, 0% used [0x00000000faf80000,0x00000000faf80000,0x00000000fb000000)
 ParOldGen       total 72704K, used 32373K [0x00000000e0000000, 0x00000000e4700000, 0x00000000f5580000)
  object space 72704K, 44% used [0x00000000e0000000,0x00000000e1f9d720,0x00000000e4700000)
 Metaspace       used 76487K, capacity 82232K, committed 82392K, reserved 1120256K
  class space    used 9400K, capacity 11157K, committed 11224K, reserved 1048576K
Event: 4698.417 GC heap after
Heap after GC invocations=171 (full 81):
 PSYoungGen      total 92160K, used 0K [0x00000000f5580000, 0x00000000fb080000, 0x0000000100000000)
  eden space 91648K, 0% used [0x00000000f5580000,0x00000000f5580000,0x00000000faf00000)
  from space 512K, 0% used [0x00000000fb000000,0x00000000fb000000,0x00000000fb080000)
  to   space 512K, 0% used [0x00000000faf80000,0x00000000faf80000,0x00000000fb000000)
 ParOldGen       total 72704K, used 32374K [0x00000000e0000000, 0x00000000e4700000, 0x00000000f5580000)
  object space 72704K, 44% used [0x00000000e0000000,0x00000000e1f9d940,0x00000000e4700000)
 Metaspace       used 76487K, capacity 82232K, committed 82392K, reserved 1120256K
  class space    used 9400K, capacity 11157K, committed 11224K, reserved 1048576K
}
Event: 4758.229 GC heap before
{Heap before GC invocations=172 (full 81):
 PSYoungGen      total 92160K, used 3623K [0x00000000f5580000, 0x00000000fb080000, 0x0000000100000000)
  eden space 91648K, 3% used [0x00000000f5580000,0x00000000f5909ec0,0x00000000faf00000)
  from space 512K, 0% used [0x00000000fb000000,0x00000000fb000000,0x00000000fb080000)
  to   space 512K, 0% used [0x00000000faf80000,0x00000000faf80000,0x00000000fb000000)
 ParOldGen       total 72704K, used 32374K [0x00000000e0000000, 0x00000000e4700000, 0x00000000f5580000)
  object space 72704K, 44% used [0x00000000e0000000,0x00000000e1f9d940,0x00000000e4700000)
 Metaspace       used 76487K, capacity 82232K, committed 82392K, reserved 1120256K
  class space    used 9400K, capacity 11157K, committed 11224K, reserved 1048576K
Event: 4758.236 GC heap after
Heap after GC invocations=172 (full 81):
 PSYoungGen      total 92160K, used 192K [0x00000000f5580000, 0x00000000fb080000, 0x0000000100000000)
  eden space 91648K, 0% used [0x00000000f5580000,0x00000000f5580000,0x00000000faf00000)
  from space 512K, 37% used [0x00000000faf80000,0x00000000fafb0000,0x00000000fb000000)
  to   space 512K, 0% used [0x00000000fb000000,0x00000000fb000000,0x00000000fb080000)
 ParOldGen       total 72704K, used 32374K [0x00000000e0000000, 0x00000000e4700000, 0x00000000f5580000)
  object space 72704K, 44% used [0x00000000e0000000,0x00000000e1f9d940,0x00000000e4700000)
 Metaspace       used 76487K, capacity 82232K, committed 82392K, reserved 1120256K
  class space    used 9400K, capacity 11157K, committed 11224K, reserved 1048576K
}
Event: 4758.236 GC heap before
{Heap before GC invocations=173 (full 82):
 PSYoungGen      total 92160K, used 192K [0x00000000f5580000, 0x00000000fb080000, 0x0000000100000000)
  eden space 91648K, 0% used [0x00000000f5580000,0x00000000f5580000,0x00000000faf00000)
  from space 512K, 37% used [0x00000000faf80000,0x00000000fafb0000,0x00000000fb000000)
  to   space 512K, 0% used [0x00000000fb000000,0x00000000fb000000,0x00000000fb080000)
 ParOldGen       total 72704K, used 32374K [0x00000000e0000000, 0x00000000e4700000, 0x00000000f5580000)
  object space 72704K, 44% used [0x00000000e0000000,0x00000000e1f9d940,0x00000000e4700000)
 Metaspace       used 76487K, capacity 82232K, committed 82392K, reserved 1120256K
  class space    used 9400K, capacity 11157K, committed 11224K, reserved 1048576K
Event: 4758.406 GC heap after
Heap after GC invocations=173 (full 82):
 PSYoungGen      total 92160K, used 0K [0x00000000f5580000, 0x00000000fb080000, 0x0000000100000000)
  eden space 91648K, 0% used [0x00000000f5580000,0x00000000f5580000,0x00000000faf00000)
  from space 512K, 0% used [0x00000000faf80000,0x00000000faf80000,0x00000000fb000000)
  to   space 512K, 0% used [0x00000000fb000000,0x00000000fb000000,0x00000000fb080000)
 ParOldGen       total 72704K, used 32373K [0x00000000e0000000, 0x00000000e4700000, 0x00000000f5580000)
  object space 72704K, 44% used [0x00000000e0000000,0x00000000e1f9d600,0x00000000e4700000)
 Metaspace       used 76487K, capacity 82232K, committed 82392K, reserved 1120256K
  class space    used 9400K, capacity 11157K, committed 11224K, reserved 1048576K
}
Event: 4850.024 GC heap before
{Heap before GC invocations=174 (full 82):
 PSYoungGen      total 92160K, used 91648K [0x00000000f5580000, 0x00000000fb080000, 0x0000000100000000)
  eden space 91648K, 100% used [0x00000000f5580000,0x00000000faf00000,0x00000000faf00000)
  from space 512K, 0% used [0x00000000faf80000,0x00000000faf80000,0x00000000fb000000)
  to   space 512K, 0% used [0x00000000fb000000,0x00000000fb000000,0x00000000fb080000)
 ParOldGen       total 72704K, used 32373K [0x00000000e0000000, 0x00000000e4700000, 0x00000000f5580000)
  object space 72704K, 44% used [0x00000000e0000000,0x00000000e1f9d600,0x00000000e4700000)
 Metaspace       used 77629K, capacity 83460K, committed 83800K, reserved 1122304K
  class space    used 9448K, capacity 11223K, committed 11352K, reserved 1048576K
Event: 4850.033 GC heap after
Heap after GC invocations=174 (full 82):
 PSYoungGen      total 92160K, used 494K [0x00000000f5580000, 0x00000000fce00000, 0x0000000100000000)
  eden space 91648K, 0% used [0x00000000f5580000,0x00000000f5580000,0x00000000faf00000)
  from space 512K, 96% used [0x00000000fb000000,0x00000000fb07b828,0x00000000fb080000)
  to   space 1024K, 0% used [0x00000000faf00000,0x00000000faf00000,0x00000000fb000000)
 ParOldGen       total 72704K, used 33182K [0x00000000e0000000, 0x00000000e4700000, 0x00000000f5580000)
  object space 72704K, 45% used [0x00000000e0000000,0x00000000e2067900,0x00000000e4700000)
 Metaspace       used 77629K, capacity 83460K, committed 83800K, reserved 1122304K
  class space    used 9448K, capacity 11223K, committed 11352K, reserved 1048576K
}
Event: 4889.699 GC heap before
{Heap before GC invocations=175 (full 82):
 PSYoungGen      total 92160K, used 92142K [0x00000000f5580000, 0x00000000fce00000, 0x0000000100000000)
  eden space 91648K, 100% used [0x00000000f5580000,0x00000000faf00000,0x00000000faf00000)
  from space 512K, 96% used [0x00000000fb000000,0x00000000fb07b828,0x00000000fb080000)
  to   space 1024K, 0% used [0x00000000faf00000,0x00000000faf00000,0x00000000fb000000)
 ParOldGen       total 72704K, used 33182K [0x00000000e0000000, 0x00000000e4700000, 0x00000000f5580000)
  object space 72704K, 45% used [0x00000000e0000000,0x00000000e2067900,0x00000000e4700000)
 Metaspace       used 78216K, capacity 83844K, committed 84056K, reserved 1122304K
  class space    used 9456K, capacity 11223K, committed 11352K, reserved 1048576K
Event: 4889.707 GC heap after
Heap after GC invocations=175 (full 82):
 PSYoungGen      total 92672K, used 1023K [0x00000000f5580000, 0x00000000fcc00000, 0x0000000100000000)
  eden space 91648K, 0% used [0x00000000f5580000,0x00000000f5580000,0x00000000faf00000)
  from space 1024K, 99% used [0x00000000faf00000,0x00000000fafffda0,0x00000000fb000000)
  to   space 2048K, 0% used [0x00000000fca00000,0x00000000fca00000,0x00000000fcc00000)
 ParOldGen       total 72704K, used 35279K [0x00000000e0000000, 0x00000000e4700000, 0x00000000f5580000)
  object space 72704K, 48% used [0x00000000e0000000,0x00000000e2273f18,0x00000000e4700000)
 Metaspace       used 78216K, capacity 83844K, committed 84056K, reserved 1122304K
  class space    used 9456K, capacity 11223K, committed 11352K, reserved 1048576K
}

Deoptimization events (10 events):
Event: 4890.177 Thread 0x00000000027fe000 Uncommon trap: reason=unreached action=reinterpret pc=0x0000000002e61168 method=org.eclipse.swt.widgets.Display.drawMenuBars()V @ 4
Event: 4890.292 Thread 0x000000001a1fb000 Uncommon trap: reason=bimorphic action=maybe_recompile pc=0x00000000032d6f04 method=java.util.Properties.load0(Ljava/util/Properties$LineReader;)V @ 242
Event: 4890.319 Thread 0x00000000027fe000 Uncommon trap: reason=unreached action=reinterpret pc=0x0000000003421e9c method=org.eclipse.e4.ui.internal.workbench.swt.PartRenderingEngine.someAreVisible(Ljava/util/List;)Z @ 41
Event: 4890.336 Thread 0x00000000027fe000 Uncommon trap: reason=unreached action=reinterpret pc=0x00000000042897ec method=org.eclipse.emf.ecore.impl.MinimalEObjectImpl.setField(ILjava/lang/Object;)V @ 9
Event: 4890.336 Thread 0x00000000027fe000 Uncommon trap: reason=unreached action=reinterpret pc=0x0000000004216e00 method=org.eclipse.emf.ecore.impl.MinimalEObjectImpl.setField(ILjava/lang/Object;)V @ 9
Event: 4890.366 Thread 0x00000000027fe000 Uncommon trap: reason=class_check action=maybe_recompile pc=0x000000000497a6bc method=org.eclipse.e4.core.internal.contexts.TrackableComputationExt.update(Lorg/eclipse/e4/core/internal/contexts/ContextChangeEvent;)Z @ 62
Event: 4890.366 Thread 0x00000000027fe000 Uncommon trap: reason=class_check action=maybe_recompile pc=0x000000000497a6bc method=org.eclipse.e4.core.internal.contexts.TrackableComputationExt.update(Lorg/eclipse/e4/core/internal/contexts/ContextChangeEvent;)Z @ 62
Event: 4890.366 Thread 0x00000000027fe000 Uncommon trap: reason=class_check action=maybe_recompile pc=0x000000000497a6bc method=org.eclipse.e4.core.internal.contexts.TrackableComputationExt.update(Lorg/eclipse/e4/core/internal/contexts/ContextChangeEvent;)Z @ 62
Event: 4890.403 Thread 0x00000000178e6800 Uncommon trap: reason=unreached action=reinterpret pc=0x00000000042e5ccc method=org.eclipse.core.internal.jobs.JobManager.createMonitor(Lorg/eclipse/core/runtime/jobs/Job;)Lorg/eclipse/core/runtime/IProgressMonitor; @ 6
Event: 4891.024 Thread 0x00000000027fe000 Uncommon trap: reason=null_check action=make_not_entrant pc=0x00000000030b77f0 method=org.eclipse.core.runtime.internal.adaptor.EclipseLazyStarter.shouldActivateFor(Ljava/lang/String;Lorg/eclipse/osgi/baseadaptor/BaseData;Lorg/eclipse/core/runtime/internal÷A0V-≥@

Internal exceptions (10 events):
Event: 4889.826 Thread 0x000000001a205000 Exception <a 'java/lang/InterruptedException'> (0x00000000f58d0410) thrown at [D:\re\workspace\8-2-build-windows-amd64-cygwin\jdk8u25\1677\hotspot\src\share\vm\runtime\objectMonitor.cpp, line 1682]
Event: 4889.959 Thread 0x00000000027fe000 Implicit null exception at 0x000000000405d84c to 0x000000000405d8a9
Event: 4889.960 Thread 0x00000000027fe000 Implicit null exception at 0x00000000031ad589 to 0x00000000031ae375
Event: 4890.145 Thread 0x00000000027fe000 Implicit null exception at 0x00000000037ac349 to 0x00000000037ac69d
Event: 4890.441 Thread 0x00000000178e7000 Exception <a 'java/lang/InterruptedException'> (0x00000000f69ae558) thrown at [D:\re\workspace\8-2-build-windows-amd64-cygwin\jdk8u25\1677\hotspot\src\share\vm\runtime\objectMonitor.cpp, line 1682]
Event: 4891.024 Thread 0x00000000027fe000 Implicit null exception at 0x00000000030b642f to 0x00000000030b77e5
Event: 4891.116 Thread 0x0000000015b74000 Exception <a 'java/lang/InterruptedException': sleep interrupted> (0x00000000f6c15620) thrown at [D:\re\workspace\8-2-build-windows-amd64-cygwin\jdk8u25\1677\hotspot\src\share\vm\prims\jvm.cpp, line 3141]
Event: 4891.118 Thread 0x0000000015e91000 Exception <a 'java/lang/InterruptedException'> (0x00000000f6c87ed0) thrown at [D:\re\workspace\8-2-build-windows-amd64-cygwin\jdk8u25\1677\hotspot\src\share\vm\runtime\objectMonitor.cpp, line 1682]
Event: 4891.118 Thread 0x0000000015ec9800 Exception <a 'java/lang/InterruptedException'> (0x00000000f6cc1368) thrown at [D:\re\workspace\8-2-build-windows-amd64-cygwin\jdk8u25\1677\hotspot\src\share\vm\runtime\objectMonitor.cpp, line 1682]
Event: 4891.242 Thread 0x0000000015c14800 Exception <a 'java/lang/InterruptedException'> (0x00000000f6c130e0) thrown at [D:\re\workspace\8-2-build-windows-amd64-cygwin\jdk8u25\1677\hotspot\src\share\vm\runtime\objectMonitor.cpp, line 1682]

Events (10 events):
Event: 4891.243 loading class java/util/IdentityHashMap$KeyIterator done
Event: 4891.243 Thread 0x000000001a1ff000 Thread added: 0x000000001a1ff000
Event: 4891.243 Executing VM operation: RevokeBias
Event: 4891.243 Executing VM operation: RevokeBias done
Event: 4891.243 Executing VM operation: RevokeBias
Event: 4891.243 Executing VM operation: RevokeBias done
Event: 4891.243 Executing VM operation: RevokeBias
Event: 4891.244 Executing VM operation: RevokeBias done
Event: 4891.244 Thread 0x000000001a1ff000 Thread exited: 0x000000001a1ff000
Event: 4891.245 Executing VM operation: Exit


Dynamic libraries:
0x0000000000400000 - 0x000000000044f000 	C:\XilinxSOC\SDK\2015.2\eclipse\win64.o\eclipse.exe
0x00007ff8eb0b0000 - 0x00007ff8eb281000 	C:\WINDOWS\SYSTEM32\ntdll.dll
0x00007ff8e91e0000 - 0x00007ff8e928b000 	C:\WINDOWS\System32\KERNEL32.DLL
0x00007ff8e7770000 - 0x00007ff8e798d000 	C:\WINDOWS\System32\KERNELBASE.dll
0x00007ff8e8ff0000 - 0x00007ff8e9155000 	C:\WINDOWS\System32\USER32.dll
0x00007ff8e76a0000 - 0x00007ff8e76be000 	C:\WINDOWS\System32\win32u.dll
0x00007ff8e9290000 - 0x00007ff8e92c4000 	C:\WINDOWS\System32\GDI32.dll
0x00007ff8e8440000 - 0x00007ff8e85c2000 	C:\WINDOWS\System32\gdi32full.dll
0x00007ff8e9820000 - 0x00007ff8e98be000 	C:\WINDOWS\System32\msvcrt.dll
0x00007ff8d8530000 - 0x00007ff8d87aa000 	C:\WINDOWS\WinSxS\amd64_microsoft.windows.common-controls_6595b64144ccf1df_6.0.14393.953_none_42151e83c686086b\COMCTL32.dll
0x00007ff8e98c0000 - 0x00007ff8e9b88000 	C:\WINDOWS\System32\combase.dll
0x00007ff8e8170000 - 0x00007ff8e8265000 	C:\WINDOWS\System32\ucrtbase.dll
0x00007ff8e8e50000 - 0x00007ff8e8f71000 	C:\WINDOWS\System32\RPCRT4.dll
0x00007ff8e85d0000 - 0x00007ff8e863a000 	C:\WINDOWS\System32\bcryptPrimitives.dll
0x00007ff8e87a0000 - 0x00007ff8e87ce000 	C:\WINDOWS\System32\IMM32.DLL
0x0000000072000000 - 0x0000000072012000 	C:\XilinxSOC\SDK\2015.2\eclipse\win64.o\plugins\org.eclipse.equinox.launcher.win32.win32.x86_64_1.1.200.v20140116-2212\eclipse_1503.dll
0x00007ff8e8950000 - 0x00007ff8e89f2000 	C:\WINDOWS\System32\ADVAPI32.dll
0x00007ff8e92d0000 - 0x00007ff8e9329000 	C:\WINDOWS\System32\sechost.dll
0x00007ff8d9290000 - 0x00007ff8d929a000 	C:\WINDOWS\SYSTEM32\VERSION.dll
0x00007ff8e5c90000 - 0x00007ff8e5d25000 	C:\WINDOWS\system32\uxtheme.dll
0x00007ff8e8640000 - 0x00007ff8e879a000 	C:\WINDOWS\System32\MSCTF.dll
0x00007ff8e9760000 - 0x00007ff8e981f000 	C:\WINDOWS\System32\OLEAUT32.dll
0x00007ff8e80d0000 - 0x00007ff8e816c000 	C:\WINDOWS\System32\msvcp_win.dll
0x00007ff8dc360000 - 0x00007ff8dc3f8000 	C:\Program Files\Common Files\microsoft shared\ink\tiptsf.dll
0x0000000060de0000 - 0x000000006163a000 	C:\XilinxSOC\SDK\2015.2\tps\win64\jre\bin\server\jvm.dll
0x00007ff8e8940000 - 0x00007ff8e8948000 	C:\WINDOWS\System32\PSAPI.DLL
0x00007ff8d6020000 - 0x00007ff8d6029000 	C:\WINDOWS\SYSTEM32\WSOCK32.dll
0x00007ff8e59e0000 - 0x00007ff8e5a03000 	C:\WINDOWS\SYSTEM32\WINMM.dll
0x00007ff8e8b00000 - 0x00007ff8e8b6a000 	C:\WINDOWS\System32\WS2_32.dll
0x0000000060bd0000 - 0x0000000060ca2000 	C:\XilinxSOC\SDK\2015.2\tps\win64\jre\bin\MSVCR100.dll
0x0000000000480000 - 0x00000000004ab000 	C:\WINDOWS\SYSTEM32\WINMMBASE.dll
0x00007ff8e7650000 - 0x00007ff8e7692000 	C:\WINDOWS\System32\cfgmgr32.dll
0x0000000060bc0000 - 0x0000000060bcf000 	C:\XilinxSOC\SDK\2015.2\tps\win64\jre\bin\verify.dll
0x0000000060b90000 - 0x0000000060bb8000 	C:\XilinxSOC\SDK\2015.2\tps\win64\jre\bin\java.dll
0x0000000060b70000 - 0x0000000060b86000 	C:\XilinxSOC\SDK\2015.2\tps\win64\jre\bin\zip.dll
0x00007ff8e9b90000 - 0x00007ff8eb098000 	C:\WINDOWS\System32\SHELL32.dll
0x00007ff8e79f0000 - 0x00007ff8e80ca000 	C:\WINDOWS\System32\windows.storage.dll
0x00007ff8e7540000 - 0x00007ff8e758c000 	C:\WINDOWS\System32\powrprof.dll
0x00007ff8e8aa0000 - 0x00007ff8e8af2000 	C:\WINDOWS\System32\shlwapi.dll
0x00007ff8e7530000 - 0x00007ff8e753f000 	C:\WINDOWS\System32\kernel.appcore.dll
0x00007ff8e75a0000 - 0x00007ff8e7649000 	C:\WINDOWS\System32\shcore.dll
0x00007ff8e7510000 - 0x00007ff8e7524000 	C:\WINDOWS\System32\profapi.dll
0x00007ff8e6f80000 - 0x00007ff8e6f97000 	C:\WINDOWS\SYSTEM32\CRYPTSP.dll
0x00007ff8e69e0000 - 0x00007ff8e6a13000 	C:\WINDOWS\system32\rsaenh.dll
0x00007ff8e7450000 - 0x00007ff8e747b000 	C:\WINDOWS\SYSTEM32\bcrypt.dll
0x00007ff8e6c60000 - 0x00007ff8e6c7f000 	C:\WINDOWS\SYSTEM32\USERENV.dll
0x00007ff8e6fa0000 - 0x00007ff8e6fab000 	C:\WINDOWS\SYSTEM32\CRYPTBASE.dll
0x0000000060b50000 - 0x0000000060b6a000 	C:\XilinxSOC\SDK\2015.2\tps\win64\jre\bin\net.dll
0x00007ff8e6de0000 - 0x00007ff8e6e3c000 	C:\WINDOWS\system32\mswsock.dll
0x00007ff8e6b60000 - 0x00007ff8e6b98000 	C:\WINDOWS\SYSTEM32\IPHLPAPI.DLL
0x00007ff8eb0a0000 - 0x00007ff8eb0a8000 	C:\WINDOWS\System32\NSI.dll
0x00007ff8df620000 - 0x00007ff8df636000 	C:\WINDOWS\SYSTEM32\dhcpcsvc6.DLL
0x00007ff8df7e0000 - 0x00007ff8df7fa000 	C:\WINDOWS\SYSTEM32\dhcpcsvc.DLL
0x0000000060b30000 - 0x0000000060b41000 	C:\XilinxSOC\SDK\2015.2\tps\win64\jre\bin\nio.dll
0x00007ff8e8a00000 - 0x00007ff8e8a9f000 	C:\WINDOWS\System32\clbcatq.dll
0x00007ff8dc150000 - 0x00007ff8dc2fa000 	C:\Windows\System32\uiautomationcore.dll
0x00007ff8e7350000 - 0x00007ff8e73e8000 	C:\WINDOWS\SYSTEM32\sxs.dll
0x00007ff8dba10000 - 0x00007ff8dba75000 	C:\Windows\System32\OLEACC.dll
0x00007ff8c3ca0000 - 0x00007ff8c3cb6000 	C:\WINDOWS\system32\napinsp.dll
0x00007ff8c38c0000 - 0x00007ff8c38da000 	C:\WINDOWS\system32\pnrpnsp.dll
0x00007ff8e5710000 - 0x00007ff8e5728000 	C:\WINDOWS\system32\NLAapi.dll
0x00007ff8e6ba0000 - 0x00007ff8e6c41000 	C:\WINDOWS\SYSTEM32\DNSAPI.dll
0x00007ff8c38b0000 - 0x00007ff8c38be000 	C:\WINDOWS\System32\winrnr.dll
0x00007ff8c38e0000 - 0x00007ff8c38f5000 	C:\WINDOWS\System32\wshbth.dll
0x00007ff8d8420000 - 0x00007ff8d842a000 	C:\Windows\System32\rasadhlp.dll
0x00007ff8df5b0000 - 0x00007ff8df61a000 	C:\WINDOWS\System32\fwpuclnt.dll
0x00007ff8e8d10000 - 0x00007ff8e8e47000 	C:\WINDOWS\System32\ole32.dll
0x0000000018700000 - 0x00000000187a8000 	C:\Users\Kunal Shahu\.Xilinx\SDK\2015.2\org.eclipse.osgi\bundles\287\1\.cp\swt-win32-4335.dll
0x00007ff8e8840000 - 0x00007ff8e893a000 	C:\WINDOWS\System32\comdlg32.dll
0x00007ff8e8270000 - 0x00007ff8e8439000 	C:\WINDOWS\System32\CRYPT32.dll
0x00007ff8e7590000 - 0x00007ff8e75a0000 	C:\WINDOWS\System32\MSASN1.dll
0x00007ff8e34c0000 - 0x00007ff8e34d9000 	C:\WINDOWS\SYSTEM32\USP10.dll
0x00007ff8dba80000 - 0x00007ff8dbb06000 	C:\WINDOWS\SYSTEM32\WINSPOOL.DRV
0x00007ff8d8150000 - 0x00007ff8d841a000 	C:\WINDOWS\SYSTEM32\WININET.dll
0x00007ff8e5550000 - 0x00007ff8e5576000 	C:\WINDOWS\system32\dwmapi.dll
0x00007ff8e5140000 - 0x00007ff8e52c5000 	C:\WINDOWS\SYSTEM32\propsys.dll
0x0000000018b00000 - 0x0000000018b1e000 	C:\Users\Kunal Shahu\.Xilinx\SDK\2015.2\org.eclipse.osgi\bundles\287\1\.cp\swt-gdip-win32-4335.dll
0x00007ff8db870000 - 0x00007ff8dba0a000 	C:\WINDOWS\WinSxS\amd64_microsoft.windows.gdiplus_6595b64144ccf1df_1.1.14393.953_none_7300116921188239\gdiplus.dll
0x00007ff8e40e0000 - 0x00007ff8e4288000 	C:\WINDOWS\SYSTEM32\WindowsCodecs.dll
0x0000000180000000 - 0x0000000180012000 	C:\Users\Kunal Shahu\.Xilinx\SDK\2015.2\org.eclipse.osgi\bundles\113\1\.cp\os\win32\x86_64\localfile_1_0_0.dll
0x00007ff8beff0000 - 0x00007ff8bf001000 	C:\Users\Kunal Shahu\.Xilinx\SDK\2015.2\org.eclipse.osgi\bundles\116\1\.cp\jWinHttp-1.0.0.dll
0x00007ff8d97e0000 - 0x00007ff8d98ad000 	C:\WINDOWS\SYSTEM32\WINHTTP.dll
0x00007ff8d0740000 - 0x00007ff8d0789000 	C:\WINDOWS\system32\dataexchange.dll
0x00007ff8e4fe0000 - 0x00007ff8e5131000 	C:\WINDOWS\system32\dcomp.dll
0x00007ff8e4560000 - 0x00007ff8e4816000 	C:\WINDOWS\system32\d3d11.dll
0x00007ff8e6490000 - 0x00007ff8e652f000 	C:\WINDOWS\system32\dxgi.dll
0x00007ff8e5f60000 - 0x00007ff8e607c000 	C:\WINDOWS\system32\twinapi.appcore.dll
0x00007ff8c79c0000 - 0x00007ff8c79ff000 	C:\WINDOWS\system32\mlang.dll
0x00007ff8dc6b0000 - 0x00007ff8dc72d000 	C:\WINDOWS\SYSTEM32\twinapi.dll
0x00007ff8ca5b0000 - 0x00007ff8ca5c0000 	C:\XilinxSOC\SDK\2015.2\lib\win64.o\librdi_repo_manager.dll
0x00007ff88b250000 - 0x00007ff88b2a4000 	C:\XilinxSOC\SDK\2015.2\lib\win64.o\librdi_commonxillic.dll
0x00007ff8b9230000 - 0x00007ff8b925a000 	C:\XilinxSOC\SDK\2015.2\lib\win64.o\libisl_sysinfo.dll
0x00007ff881700000 - 0x00007ff8818e8000 	C:\XilinxSOC\SDK\2015.2\lib\win64.o\librdi_hsm.dll
0x00007ff8dd780000 - 0x00007ff8dd827000 	C:\WINDOWS\SYSTEM32\MSVCP110.dll
0x00007ff8dd830000 - 0x00007ff8dd904000 	C:\WINDOWS\SYSTEM32\MSVCR110.dll
0x00007ff88b3b0000 - 0x00007ff88bcf3000 	C:\XilinxSOC\SDK\2015.2\lib\win64.o\librdi_common.dll
0x00007ff88ae10000 - 0x00007ff88b030000 	C:\XilinxSOC\SDK\2015.2\lib\win64.o\libXil_lmgr11.dll
0x00007ff88b2b0000 - 0x00007ff88b3aa000 	C:\XilinxSOC\SDK\2015.2\lib\win64.o\libboost_regex.dll
0x00007ff8e7990000 - 0x00007ff8e79e5000 	C:\WINDOWS\System32\WINTRUST.dll
0x00007ff8cb150000 - 0x00007ff8cb159000 	C:\XilinxSOC\SDK\2015.2\lib\win64.o\libboost_system.dll
0x00007ff8b9c20000 - 0x00007ff8b9c42000 	C:\XilinxSOC\SDK\2015.2\lib\win64.o\libboost_filesystem.dll
0x00007ff885f30000 - 0x00007ff885f73000 	C:\XilinxSOC\SDK\2015.2\lib\win64.o\librdi_hdf.dll
0x0000000060cb0000 - 0x0000000060dd7000 	C:\XilinxSOC\SDK\2015.2\lib\win64.o\tcl85t.dll
0x00007ff881540000 - 0x00007ff8816fa000 	C:\XilinxSOC\SDK\2015.2\lib\win64.o\librdi_ippcw.dll
0x00007ff88a6c0000 - 0x00007ff88a968000 	C:\XilinxSOC\SDK\2015.2\lib\win64.o\libCOIN-all.dll
0x00007ff8cbeb0000 - 0x00007ff8cbec0000 	C:\XilinxSOC\SDK\2015.2\lib\win64.o\libboost_date_time.dll
0x00007ff8d3aa0000 - 0x00007ff8d3ab8000 	C:\WINDOWS\SYSTEM32\NETAPI32.dll
0x00007ff8aaaf0000 - 0x00007ff8aab64000 	C:\XilinxSOC\SDK\2015.2\lib\win64.o\libboost_program_options.dll
0x00007ff8b9c90000 - 0x00007ff8b9ca3000 	C:\XilinxSOC\SDK\2015.2\lib\win64.o\libboost_signals.dll
0x00007ff886350000 - 0x00007ff8863d0000 	C:\XilinxSOC\SDK\2015.2\lib\win64.o\libhdlpsolve.dll
0x00007ff8b99d0000 - 0x00007ff8b99ed000 	C:\XilinxSOC\SDK\2015.2\lib\win64.o\libboost_thread.dll
0x00007ff883660000 - 0x00007ff883c6a200 	C:\XilinxSOC\SDK\2015.2\lib\win64.o\libisl_iostreams.dll
0x00007ff886260000 - 0x00007ff8862fa000 	C:\XilinxSOC\SDK\2015.2\lib\win64.o\libhdxml.dll
0x00007ff8b92b0000 - 0x00007ff8b92d3000 	C:\XilinxSOC\SDK\2015.2\lib\win64.o\libisl_iosutils.dll
0x00007ff8bb000000 - 0x00007ff8bb015000 	C:\XilinxSOC\SDK\2015.2\lib\win64.o\pthreadVC2.dll
0x00007ff8849c0000 - 0x00007ff884af0000 	C:\XilinxSOC\SDK\2015.2\lib\win64.o\librdi_curl.dll
0x00007ff8b9290000 - 0x00007ff8b92a8000 	C:\XilinxSOC\SDK\2015.2\lib\win64.o\librdiconfig.dll
0x00007ff8d6070000 - 0x00007ff8d6233000 	C:\WINDOWS\SYSTEM32\urlmon.dll
0x00007ff8caf80000 - 0x00007ff8cafa3000 	C:\WINDOWS\SYSTEM32\VCOMP110.DLL
0x0000000022000000 - 0x0000000022263000 	C:\XilinxSOC\SDK\2015.2\lib\win64.o\xerces-c_3_1.dll
0x00007ff8b8a30000 - 0x00007ff8b8a53000 	C:\XilinxSOC\SDK\2015.2\lib\win64.o\librdizlib.dll
0x00007ff8caf70000 - 0x00007ff8caf7b000 	C:\XilinxSOC\SDK\2015.2\lib\win64.o\libboost_chrono.dll
0x00007ff8b8400000 - 0x00007ff8b8416000 	C:\XilinxSOC\SDK\2015.2\lib\win64.o\libboost_iostreams.dll
0x00007ff8d9a80000 - 0x00007ff8d9d24000 	C:\WINDOWS\SYSTEM32\iertutil.dll
0x00007ff8b77d0000 - 0x00007ff8b77ec000 	C:\XilinxSOC\SDK\2015.2\lib\win64.o\librdi_hw_platform.dll
0x00007ff8dbb10000 - 0x00007ff8dbb17000 	C:\WINDOWS\SYSTEM32\msimg32.dll
0x00007ff8d1410000 - 0x00007ff8d1452000 	C:\WINDOWS\SYSTEM32\edputil.dll
0x00007ff883250000 - 0x00007ff88365a000 	C:\XilinxSOC\SDK\2015.2\lib\win64.o\librdi_commontasks.dll

VM Arguments:
jvm_args: -Dcom.xilinx.sdk.args.hwspec=C:/Zynq_Book/project_stepper_DIP/project_stepper_DIP.sdk/design_project_DIP_wrapper.hdf -Xms64m -Xmx512m & 
java_command: <unknown>
java_class_path (initial): C:\XilinxSOC\SDK\2015.2\eclipse\win64.o\\plugins/org.eclipse.equinox.launcher_1.3.0.v20130327-1440.jar
Launcher Type: generic

Environment Variables:
PATH=C:/XilinxSOC/SDK/2015.2/tps/win64/jre/bin/server;C:/XilinxSOC/SDK/2015.2/tps/win64/jre/bin;C:/XilinxSOC/SDK/2015.2/tps/win64/jre/lib/amd64;C:\XilinxSOC\SDK\2015.2\gnuwin\bin;C:\XilinxSOC\SDK\2015.2\gnu\microblaze\nt\bin;C:\XilinxSOC\SDK\2015.2\gnu\microblaze\linux_toolchain\nt64_le\bin;C:\XilinxSOC\SDK\2015.2\gnu\microblaze\linux_toolchain\nt64_be\bin;C:\XilinxSOC\SDK\2015.2\gnu\arm\nt\bin;C:\XilinxSOC\SDK\2015.2\gnu\aarch64\nt\aarch64-none\bin;C:\XilinxSOC\SDK\2015.2\gnu\aarch64\nt\aarch64-linux\bin;C:\XilinxSOC\SDK\2015.2\gnu\armr5\nt\gcc-arm-none-eabi\bin;C:\XilinxSOC\SDK\2015.2\gnu\aarch32\nt\gcc-arm-none-eabi\bin;C:\XilinxSOC\SDK\2015.2\gnu\aarch32\nt\gcc-arm-linux-gnueabi\bin;C:\XilinxSOC\SDK\2015.2\bin;C:\XilinxSOC\SDK\2015.2\lib\win64.o;C:\XilinxSOC\SDK\2015.2\tps\win64\jre\bin\server;C:\XilinxSOC\SDK\2015.2\tps\win64\jre\bin;C:\XilinxSOC\SDK\2015.2\bin;C:\XilinxSOC\SDK\2015.2\bin;C:\XilinxSOC\Vivado\2015.2\ids_lite\ISE\bin\nt64;C:\XilinxSOC\Vivado\2015.2\ids_lite\ISE\lib\nt64;C:\XilinxSOC\Vivado\2015.2\bin;C:\XilinxSOC\Vivado\2015.2\lib\win64.o;C:\XilinxSOC\Vivado\2015.2\tps\win64\jre\bin\server;C:\XilinxSOC\Vivado\2015.2\tps\win64\jre\bin;C:\XilinxSOC\SDK\2015.2\bin;C:\XilinxSOC\Vivado\2015.2\ids_lite\ISE\bin\nt64;C:\XilinxSOC\Vivado\2015.2\ids_lite\ISE\lib\nt64;C:\XilinxSOC\Vivado_HLS\2015.2\bin;C:\WINDOWS\system32;C:\WINDOWS;C:\WINDOWS\System32\Wbem;C:\WINDOWS\System32\WindowsPowerShell\v1.0\;C:\Program Files (x86)\Skype\Phone\;C:\Program Files\Intel\WiFi\bin\;C:\Program Files\Common Files\Intel\WirelessCommon\;C:\Users\Kunal Shahu\AppData\Local\Microsoft\WindowsApps;;C:\Zynq_Book\project_stepper_DIP;
USERNAME=Kunal Shahu
OS=Windows_NT
PROCESSOR_IDENTIFIER=Intel64 Family 6 Model 78 Stepping 3, GenuineIntel



---------------  S Y S T E M  ---------------

OS: Windows 8 , 64 bit Build 9200 

CPU:total 4 (2 cores per cpu, 2 threads per core) family 6 model 78 stepping 3, cmov, cx8, fxsr, mmx, sse, sse2, sse3, ssse3, sse4.1, sse4.2, popcnt, avx, avx2, aes, clmul, erms, lzcnt, ht, tsc, tscinvbit, bmi1, bmi2

Memory: 4k page, physical 8238856k(3330984k free), swap 9549576k(1763020k free)

vm_info: Java HotSpot(TM) 64-Bit Server VM (25.25-b02) for windows-amd64 JRE (1.8.0_25-b18), built on Oct  7 2014 14:25:37 by "java_re" with MS VC++ 10.0 (VS2010)

time: Mon May 08 14:07:09 2017
elapsed time: 4892 seconds (0d 1h 21m 32s)

