#-----------------------------------------------------------
# Vivado v2015.2 (64-bit)
# SW Build 1266856 on Fri Jun 26 16:35:25 MDT 2015
# IP Build 1264090 on Wed Jun 24 14:22:01 MDT 2015
# Start of session at: Mon May 08 16:49:14 2017
# Process ID: 7476
# Log file: C:/Zynq_Book/project_stepper_DIP/vivado.log
# Journal file: C:/Zynq_Book/project_stepper_DIP\vivado.jou
#-----------------------------------------------------------
start_gui
open_project C:/Zynq_Book/project_stepper_DIP/project_stepper_DIP.xpr
Scanning sources...
Finished scanning sources
INFO: [IP_Flow 19-234] Refreshing IP repositories
INFO: [IP_Flow 19-1704] No user IP repositories specified
INFO: [IP_Flow 19-2313] Loaded Vivado IP repository 'C:/XilinxSOC/Vivado/2015.2/data/ip'.
open_project: Time (s): cpu = 00:00:18 ; elapsed = 00:00:08 . Memory (MB): peak = 786.035 ; gain = 208.336
file copy -force C:/Zynq_Book/project_stepper_DIP/project_stepper_DIP.runs/impl_1/design_project_DIP_wrapper.sysdef C:/Zynq_Book/project_stepper_DIP/project_stepper_DIP.sdk/design_project_DIP_wrapper.hdf

launch_sdk -workspace C:/Zynq_Book/project_stepper_DIP/project_stepper_DIP.sdk -hwspec C:/Zynq_Book/project_stepper_DIP/project_stepper_DIP.sdk/design_project_DIP_wrapper.hdf
INFO: [Vivado 12-393] Launching SDK...
INFO: [Vivado 12-417] Running xsdk -workspace C:/Zynq_Book/project_stepper_DIP/project_stepper_DIP.sdk -hwspec C:/Zynq_Book/project_stepper_DIP/project_stepper_DIP.sdk/design_project_DIP_wrapper.hdf
INFO: [Vivado 12-3157] SDK launch initiated. Please check console for any further messages.
