#-----------------------------------------------------------
# Vivado v2015.2 (64-bit)
# SW Build 1266856 on Fri Jun 26 16:35:25 MDT 2015
# IP Build 1264090 on Wed Jun 24 14:22:01 MDT 2015
# Start of session at: Mon May 08 12:44:34 2017
# Process ID: 8352
# Log file: C:/Zynq_Book/project_stepper_DIP/vivado.log
# Journal file: C:/Zynq_Book/project_stepper_DIP\vivado.jou
#-----------------------------------------------------------
start_gui
open_project C:/Zynq_Book/project_stepper_DIP/project_stepper_DIP.xpr
Scanning sources...
Finished scanning sources
INFO: [IP_Flow 19-234] Refreshing IP repositories
INFO: [IP_Flow 19-1704] No user IP repositories specified
INFO: [IP_Flow 19-2313] Loaded Vivado IP repository 'C:/XilinxSOC/Vivado/2015.2/data/ip'.
open_project: Time (s): cpu = 00:00:18 ; elapsed = 00:00:12 . Memory (MB): peak = 714.141 ; gain = 144.191
open_bd_design {C:/Zynq_Book/project_stepper_DIP/project_stepper_DIP.srcs/sources_1/bd/design_project_DIP/design_project_DIP.bd}
Adding component instance block -- xilinx.com:ip:processing_system7:5.5 - processing_system7_0
Adding component instance block -- xilinx.com:ip:axi_gpio:2.0 - axi_gpio_0
Adding component instance block -- xilinx.com:ip:axi_gpio:2.0 - axi_gpio_1
Adding component instance block -- xilinx.com:ip:axi_gpio:2.0 - axi_gpio_2
Adding component instance block -- xilinx.com:ip:proc_sys_reset:5.0 - rst_processing_system7_0_100M
Adding component instance block -- xilinx.com:ip:axi_crossbar:2.1 - xbar
Adding component instance block -- xilinx.com:ip:axi_protocol_converter:2.1 - auto_pc
Successfully read diagram <design_project_DIP> from BD file <C:/Zynq_Book/project_stepper_DIP/project_stepper_DIP.srcs/sources_1/bd/design_project_DIP/design_project_DIP.bd>
open_bd_design: Time (s): cpu = 00:00:10 ; elapsed = 00:00:06 . Memory (MB): peak = 751.594 ; gain = 37.453
launch_sdk -workspace C:/Zynq_Book/project_stepper_DIP/project_stepper_DIP.sdk -hwspec C:/Zynq_Book/project_stepper_DIP/project_stepper_DIP.sdk/design_project_DIP_wrapper.hdf
INFO: [Vivado 12-393] Launching SDK...
INFO: [Vivado 12-417] Running xsdk -workspace C:/Zynq_Book/project_stepper_DIP/project_stepper_DIP.sdk -hwspec C:/Zynq_Book/project_stepper_DIP/project_stepper_DIP.sdk/design_project_DIP_wrapper.hdf
INFO: [Vivado 12-3157] SDK launch initiated. Please check console for any further messages.
exit
INFO: [Common 17-206] Exiting Vivado at Mon May 08 14:45:21 2017...
